00:00:02.587203 VirtualBox VM 6.1.26 r145957 win.amd64 (Jul 28 2021 17:15:09) release log
00:00:02.587210 Log opened 2021-12-09T13:18:51.505358400Z
00:00:02.587211 Build Type: release
00:00:02.587216 OS Product: Windows 10
00:00:02.587218 OS Release: 10.0.19042
00:00:02.587218 OS Service Pack: 
00:00:02.646041 DMI Product Name: OptiPlex 7060
00:00:02.648848 DMI Product Version: 
00:00:02.648855 Firmware type: UEFI
00:00:02.649087 Secure Boot: VERR_PRIVILEGE_NOT_HELD
00:00:02.649100 Host RAM: 32564MB (31.8GB) total, 25030MB (24.4GB) available
00:00:02.649102 Executable: C:\Program Files\Oracle\VirtualBox\VirtualBoxVM.exe
00:00:02.649102 Process ID: 14304
00:00:02.649103 Package type: WINDOWS_64BITS_GENERIC
00:00:02.650000 Installed Extension Packs:
00:00:02.650010   Oracle VM VirtualBox Extension Pack (Version: 6.1.18 r142142; VRDE Module: VBoxVRDP)
00:00:02.650484 Console: Machine state changed to 'Starting'
00:00:02.650599 Qt version: 5.6.2
00:00:02.652124 GUI: UIMediumEnumerator: Medium-enumeration finished!
00:00:02.753627 SUP: seg #0: R   0x00000000 LB 0x00001000
00:00:02.753637 SUP: seg #1: R X 0x00001000 LB 0x0010a000
00:00:02.753641 SUP: seg #2: R   0x0010b000 LB 0x0004a000
00:00:02.753644 SUP: seg #3: RW  0x00155000 LB 0x00013000
00:00:02.753647 SUP: seg #4: R   0x00168000 LB 0x0000f000
00:00:02.753650 SUP: seg #5: RW  0x00177000 LB 0x00003000
00:00:02.753652 SUP: seg #6: R   0x0017a000 LB 0x0000b000
00:00:02.753655 SUP: seg #7: RWX 0x00185000 LB 0x00002000
00:00:02.753658 SUP: seg #8: R   0x00187000 LB 0x00007000
00:00:02.754235 SUP: Loaded VMMR0.r0 (C:\Program Files\Oracle\VirtualBox\VMMR0.r0) at 0xXXXXXXXXXXXXXXXX - ModuleInit at XXXXXXXXXXXXXXXX and ModuleTerm at XXXXXXXXXXXXXXXX using the native ring-0 loader
00:00:02.754245 SUP: VMMR0EntryEx located at XXXXXXXXXXXXXXXX and VMMR0EntryFast at XXXXXXXXXXXXXXXX
00:00:02.754248 SUP: windbg> .reload /f C:\Program Files\Oracle\VirtualBox\VMMR0.r0=0xXXXXXXXXXXXXXXXX
00:00:02.754976 Guest OS type: 'Linux_64'
00:00:02.755502 fHMForced=true - No raw-mode support in this build!
00:00:02.757572 File system of 'C:\Users\pi36qwj\Documents\GitHubDesktop\etml_P_Reseau-DEV\VMs\Turnkey MYSQL\Snapshots' (snapshots) is unknown
00:00:02.757579 File system of 'C:\Users\pi36qwj\Documents\GitHubDesktop\etml_P_Reseau-DEV\VMs\Turnkey MYSQL\Turnkey MYSQL.vdi' is ntfs
00:00:02.770604 Shared Clipboard: Service loaded
00:00:02.770612 Shared Clipboard: Mode: Off
00:00:02.770851 Shared Clipboard: Service running in normal mode
00:00:02.779367 Drag and drop service loaded
00:00:02.779373 Drag and drop mode: Off
00:00:02.791896 ************************* CFGM dump *************************
00:00:02.791897 [/] (level 0)
00:00:02.791899   CpuExecutionCap   <integer> = 0x0000000000000064 (100)
00:00:02.791900   EnablePAE         <integer> = 0x0000000000000001 (1)
00:00:02.791901   HMEnabled         <integer> = 0x0000000000000001 (1)
00:00:02.791902   MemBalloonSize    <integer> = 0x0000000000000000 (0)
00:00:02.791902   Name              <string>  = "Turnkey MYSQL" (cb=14)
00:00:02.791903   NumCPUs           <integer> = 0x0000000000000001 (1)
00:00:02.791904   PageFusionAllowed <integer> = 0x0000000000000000 (0)
00:00:02.791904   RamHoleSize       <integer> = 0x0000000020000000 (536 870 912, 512 MB)
00:00:02.791906   RamSize           <integer> = 0x0000000040000000 (1 073 741 824, 1 024 MB)
00:00:02.791907   TimerMillies      <integer> = 0x000000000000000a (10)
00:00:02.791907   UUID              <bytes>   = "f4 8c 08 45 dd dc 3d 45 8c 0f d6 a8 fc 12 21 63" (cb=16)
00:00:02.791911 
00:00:02.791912 [/CPUM/] (level 1)
00:00:02.791913   GuestCpuName       <string>  = "host" (cb=5)
00:00:02.791913   NestedHWVirt       <integer> = 0x0000000000000000 (0)
00:00:02.791914   PortableCpuIdLevel <integer> = 0x0000000000000000 (0)
00:00:02.791914   SpecCtrl           <integer> = 0x0000000000000000 (0)
00:00:02.791915 
00:00:02.791915 [/CPUM/IsaExts/] (level 2)
00:00:02.791916 
00:00:02.791916 [/DBGC/] (level 1)
00:00:02.791917   GlobalInitScript <string>  = "C:\Users\pi36qwj\.VirtualBox/dbgc-init" (cb=39)
00:00:02.791917   HistoryFile      <string>  = "C:\Users\pi36qwj\.VirtualBox/dbgc-history" (cb=42)
00:00:02.791918   LocalInitScript  <string>  = "C:\Users\pi36qwj\Documents\GitHubDesktop\etml_P_Reseau-DEV\VMs\Turnkey MYSQL/dbgc-init" (cb=87)
00:00:02.791918 
00:00:02.791919 [/DBGF/] (level 1)
00:00:02.791919   Path <string>  = "C:\Users\pi36qwj\Documents\GitHubDesktop\etml_P_Reseau-DEV\VMs\Turnkey MYSQL/debug/;C:\Users\pi36qwj\Documents\GitHubDesktop\etml_P_Reseau-DEV\VMs\Turnkey MYSQL/;cache*C:\Users\pi36qwj\Documents\GitHubDesktop\etml_P_Reseau-DEV\VMs\Turnkey MYSQL/dbgcache/;C:\Users\pi36qwj\" (cb=273)
00:00:02.791920 
00:00:02.791920 [/Devices/] (level 1)
00:00:02.791920 
00:00:02.791921 [/Devices/8237A/] (level 2)
00:00:02.791921 
00:00:02.791921 [/Devices/8237A/0/] (level 3)
00:00:02.791922   Trusted <integer> = 0x0000000000000001 (1)
00:00:02.791922 
00:00:02.791923 [/Devices/GIMDev/] (level 2)
00:00:02.791923 
00:00:02.791923 [/Devices/GIMDev/0/] (level 3)
00:00:02.791924   Trusted <integer> = 0x0000000000000001 (1)
00:00:02.791924 
00:00:02.791924 [/Devices/VMMDev/] (level 2)
00:00:02.791925 
00:00:02.791925 [/Devices/VMMDev/0/] (level 3)
00:00:02.791926   PCIBusNo      <integer> = 0x0000000000000000 (0)
00:00:02.791927   PCIDeviceNo   <integer> = 0x0000000000000004 (4)
00:00:02.791927   PCIFunctionNo <integer> = 0x0000000000000000 (0)
00:00:02.791927   Trusted       <integer> = 0x0000000000000001 (1)
00:00:02.791928 
00:00:02.791928 [/Devices/VMMDev/0/Config/] (level 4)
00:00:02.791929   GuestCoreDumpDir <string>  = "C:\Users\pi36qwj\Documents\GitHubDesktop\etml_P_Reseau-DEV\VMs\Turnkey MYSQL\Snapshots" (cb=87)
00:00:02.791929 
00:00:02.791930 [/Devices/VMMDev/0/LUN#0/] (level 4)
00:00:02.791930   Driver <string>  = "HGCM" (cb=5)
00:00:02.791931 
00:00:02.791931 [/Devices/VMMDev/0/LUN#0/Config/] (level 5)
00:00:02.791932   Object <integer> = 0x0000000005d885b0 (98 076 080)
00:00:02.791932 
00:00:02.791933 [/Devices/VMMDev/0/LUN#999/] (level 4)
00:00:02.791933   Driver <string>  = "MainStatus" (cb=11)
00:00:02.791934 
00:00:02.791934 [/Devices/VMMDev/0/LUN#999/Config/] (level 5)
00:00:02.791935   First   <integer> = 0x0000000000000000 (0)
00:00:02.791935   Last    <integer> = 0x0000000000000000 (0)
00:00:02.791936   papLeds <integer> = 0x0000000001f5b5e8 (32 880 104)
00:00:02.791936 
00:00:02.791937 [/Devices/acpi/] (level 2)
00:00:02.791937 
00:00:02.791937 [/Devices/acpi/0/] (level 3)
00:00:02.791938   PCIBusNo      <integer> = 0x0000000000000000 (0)
00:00:02.791939   PCIDeviceNo   <integer> = 0x0000000000000007 (7)
00:00:02.791939   PCIFunctionNo <integer> = 0x0000000000000000 (0)
00:00:02.791939   Trusted       <integer> = 0x0000000000000001 (1)
00:00:02.791940 
00:00:02.791940 [/Devices/acpi/0/Config/] (level 4)
00:00:02.791941   CpuHotPlug          <integer> = 0x0000000000000000 (0)
00:00:02.791941   FdcEnabled          <integer> = 0x0000000000000000 (0)
00:00:02.791942   HostBusPciAddress   <integer> = 0x0000000000000000 (0)
00:00:02.791942   HpetEnabled         <integer> = 0x0000000000000000 (0)
00:00:02.791943   IOAPIC              <integer> = 0x0000000000000001 (1)
00:00:02.791943   IocPciAddress       <integer> = 0x0000000000010000 (65 536)
00:00:02.791944   NumCPUs             <integer> = 0x0000000000000001 (1)
00:00:02.791945   Parallel0IoPortBase <integer> = 0x0000000000000000 (0)
00:00:02.791945   Parallel0Irq        <integer> = 0x0000000000000000 (0)
00:00:02.791945   Parallel1IoPortBase <integer> = 0x0000000000000000 (0)
00:00:02.791946   Parallel1Irq        <integer> = 0x0000000000000000 (0)
00:00:02.791946   Serial0IoPortBase   <integer> = 0x0000000000000000 (0)
00:00:02.791947   Serial0Irq          <integer> = 0x0000000000000000 (0)
00:00:02.791947   Serial1IoPortBase   <integer> = 0x0000000000000000 (0)
00:00:02.791947   Serial1Irq          <integer> = 0x0000000000000000 (0)
00:00:02.791948   ShowCpu             <integer> = 0x0000000000000001 (1)
00:00:02.791948   ShowRtc             <integer> = 0x0000000000000000 (0)
00:00:02.791949   SmcEnabled          <integer> = 0x0000000000000000 (0)
00:00:02.791949 
00:00:02.791949 [/Devices/acpi/0/LUN#0/] (level 4)
00:00:02.791950   Driver <string>  = "ACPIHost" (cb=9)
00:00:02.791950 
00:00:02.791951 [/Devices/acpi/0/LUN#0/Config/] (level 5)
00:00:02.791951 
00:00:02.791951 [/Devices/apic/] (level 2)
00:00:02.791952 
00:00:02.791952 [/Devices/apic/0/] (level 3)
00:00:02.791953   Trusted <integer> = 0x0000000000000001 (1)
00:00:02.791953 
00:00:02.791954 [/Devices/apic/0/Config/] (level 4)
00:00:02.791955   IOAPIC  <integer> = 0x0000000000000001 (1)
00:00:02.791955   Mode    <integer> = 0x0000000000000003 (3)
00:00:02.791955   NumCPUs <integer> = 0x0000000000000001 (1)
00:00:02.791956 
00:00:02.791956 [/Devices/e1000/] (level 2)
00:00:02.791956 
00:00:02.791957 [/Devices/e1000/0/] (level 3)
00:00:02.791957   PCIBusNo      <integer> = 0x0000000000000000 (0)
00:00:02.791958   PCIDeviceNo   <integer> = 0x0000000000000003 (3)
00:00:02.791958   PCIFunctionNo <integer> = 0x0000000000000000 (0)
00:00:02.791958   Trusted       <integer> = 0x0000000000000001 (1)
00:00:02.791959 
00:00:02.791959 [/Devices/e1000/0/Config/] (level 4)
00:00:02.791960   AdapterType    <integer> = 0x0000000000000000 (0)
00:00:02.791960   CableConnected <integer> = 0x0000000000000001 (1)
00:00:02.791961   LineSpeed      <integer> = 0x0000000000000000 (0)
00:00:02.791961   MAC            <bytes>   = "08 00 27 45 37 8b" (cb=6)
00:00:02.791962 
00:00:02.791962 [/Devices/e1000/0/LUN#0/] (level 4)
00:00:02.791963   Driver <string>  = "IntNet" (cb=7)
00:00:02.791963 
00:00:02.791963 [/Devices/e1000/0/LUN#0/Config/] (level 5)
00:00:02.791964   IfPolicyPromisc <string>  = "deny" (cb=5)
00:00:02.791965   Network         <string>  = "intnet" (cb=7)
00:00:02.791965   TrunkType       <integer> = 0x0000000000000002 (2)
00:00:02.791965 
00:00:02.791966 [/Devices/e1000/0/LUN#999/] (level 4)
00:00:02.791966   Driver <string>  = "MainStatus" (cb=11)
00:00:02.791967 
00:00:02.791967 [/Devices/e1000/0/LUN#999/Config/] (level 5)
00:00:02.791968   First   <integer> = 0x0000000000000000 (0)
00:00:02.791968   Last    <integer> = 0x0000000000000000 (0)
00:00:02.791968   papLeds <integer> = 0x0000000001f5b4c8 (32 879 816)
00:00:02.791969 
00:00:02.791969 [/Devices/i8254/] (level 2)
00:00:02.791970 
00:00:02.791970 [/Devices/i8254/0/] (level 3)
00:00:02.791970 
00:00:02.791971 [/Devices/i8254/0/Config/] (level 4)
00:00:02.791971 
00:00:02.791971 [/Devices/i8259/] (level 2)
00:00:02.791972 
00:00:02.791972 [/Devices/i8259/0/] (level 3)
00:00:02.791973   Trusted <integer> = 0x0000000000000001 (1)
00:00:02.791973 
00:00:02.791973 [/Devices/i8259/0/Config/] (level 4)
00:00:02.791974 
00:00:02.791974 [/Devices/ichac97/] (level 2)
00:00:02.791974 
00:00:02.791974 [/Devices/ichac97/0/] (level 3)
00:00:02.791975   PCIBusNo      <integer> = 0x0000000000000000 (0)
00:00:02.791977   PCIDeviceNo   <integer> = 0x0000000000000005 (5)
00:00:02.791977   PCIFunctionNo <integer> = 0x0000000000000000 (0)
00:00:02.791978   Trusted       <integer> = 0x0000000000000001 (1)
00:00:02.791978 
00:00:02.791978 [/Devices/ichac97/0/AudioConfig/] (level 4)
00:00:02.791979 
00:00:02.791979 [/Devices/ichac97/0/Config/] (level 4)
00:00:02.791980   Codec        <string>  = "STAC9700" (cb=9)
00:00:02.791980   DebugEnabled <integer> = 0x0000000000000000 (0)
00:00:02.791981 
00:00:02.791981 [/Devices/ichac97/0/LUN#0/] (level 4)
00:00:02.791981   Driver <string>  = "AUDIO" (cb=6)
00:00:02.791982 
00:00:02.791982 [/Devices/ichac97/0/LUN#0/AttachedDriver/] (level 5)
00:00:02.791983   Driver <string>  = "HostAudioWas" (cb=13)
00:00:02.791983 
00:00:02.791983 [/Devices/ichac97/0/LUN#0/AttachedDriver/Config/] (level 6)
00:00:02.791984   VmName <string>  = "Turnkey MYSQL" (cb=14)
00:00:02.791985   VmUuid <string>  = "45088cf4-dcdd-453d-8c0f-d6a8fc122163" (cb=37)
00:00:02.791985 
00:00:02.791986 [/Devices/ichac97/0/LUN#0/Config/] (level 5)
00:00:02.791986   DriverName    <string>  = "HostAudioWas" (cb=13)
00:00:02.791987   InputEnabled  <integer> = 0x0000000000000000 (0)
00:00:02.791987   OutputEnabled <integer> = 0x0000000000000001 (1)
00:00:02.791988 
00:00:02.791988 [/Devices/ichac97/0/LUN#1/] (level 4)
00:00:02.791988   Driver <string>  = "AUDIO" (cb=6)
00:00:02.791989 
00:00:02.791989 [/Devices/ichac97/0/LUN#2/] (level 4)
00:00:02.791990   Driver <string>  = "AUDIO" (cb=6)
00:00:02.791990 
00:00:02.791990 [/Devices/ioapic/] (level 2)
00:00:02.791991 
00:00:02.791991 [/Devices/ioapic/0/] (level 3)
00:00:02.791991   Trusted <integer> = 0x0000000000000001 (1)
00:00:02.791992 
00:00:02.791992 [/Devices/ioapic/0/Config/] (level 4)
00:00:02.791992   NumCPUs <integer> = 0x0000000000000001 (1)
00:00:02.791993 
00:00:02.791993 [/Devices/mc146818/] (level 2)
00:00:02.791994 
00:00:02.791994 [/Devices/mc146818/0/] (level 3)
00:00:02.791994 
00:00:02.791994 [/Devices/mc146818/0/Config/] (level 4)
00:00:02.791995   UseUTC <integer> = 0x0000000000000001 (1)
00:00:02.791995 
00:00:02.791996 [/Devices/parallel/] (level 2)
00:00:02.791996 
00:00:02.791996 [/Devices/pcarch/] (level 2)
00:00:02.791997 
00:00:02.791997 [/Devices/pcarch/0/] (level 3)
00:00:02.791997   Trusted <integer> = 0x0000000000000001 (1)
00:00:02.791998 
00:00:02.791998 [/Devices/pcarch/0/Config/] (level 4)
00:00:02.791999 
00:00:02.791999 [/Devices/pcbios/] (level 2)
00:00:02.791999 
00:00:02.791999 [/Devices/pcbios/0/] (level 3)
00:00:02.792000   Trusted <integer> = 0x0000000000000001 (1)
00:00:02.792000 
00:00:02.792000 [/Devices/pcbios/0/Config/] (level 4)
00:00:02.792002   APIC           <integer> = 0x0000000000000001 (1)
00:00:02.792002   BootDevice0    <string>  = "FLOPPY" (cb=7)
00:00:02.792003   BootDevice1    <string>  = "DVD" (cb=4)
00:00:02.792003   BootDevice2    <string>  = "IDE" (cb=4)
00:00:02.792004   BootDevice3    <string>  = "NONE" (cb=5)
00:00:02.792004   FloppyDevice   <string>  = "i82078" (cb=7)
00:00:02.792004   HardDiskDevice <string>  = "piix3ide" (cb=9)
00:00:02.792005   IOAPIC         <integer> = 0x0000000000000001 (1)
00:00:02.792005   LanBootRom     <string>  = "C:\Program Files\Oracle\VirtualBox\ExtensionPacks\Oracle_VM_VirtualBox_Extension_Pack\PXE-Intel.rom" (cb=100)
00:00:02.792006   McfgBase       <integer> = 0x0000000000000000 (0)
00:00:02.792006   McfgLength     <integer> = 0x0000000000000000 (0)
00:00:02.792007   NumCPUs        <integer> = 0x0000000000000001 (1)
00:00:02.792007   PXEDebug       <integer> = 0x0000000000000000 (0)
00:00:02.792008   UUID           <bytes>   = "f4 8c 08 45 dd dc 3d 45 8c 0f d6 a8 fc 12 21 63" (cb=16)
00:00:02.792009   UuidLe         <integer> = 0x0000000000000001 (1)
00:00:02.792010 
00:00:02.792010 [/Devices/pcbios/0/Config/NetBoot/] (level 5)
00:00:02.792010 
00:00:02.792011 [/Devices/pcbios/0/Config/NetBoot/0/] (level 6)
00:00:02.792011   NIC           <integer> = 0x0000000000000000 (0)
00:00:02.792012   PCIBusNo      <integer> = 0x0000000000000000 (0)
00:00:02.792012   PCIDeviceNo   <integer> = 0x0000000000000003 (3)
00:00:02.792013   PCIFunctionNo <integer> = 0x0000000000000000 (0)
00:00:02.792013 
00:00:02.792013 [/Devices/pci/] (level 2)
00:00:02.792014 
00:00:02.792014 [/Devices/pci/0/] (level 3)
00:00:02.792014   Trusted <integer> = 0x0000000000000001 (1)
00:00:02.792015 
00:00:02.792015 [/Devices/pci/0/Config/] (level 4)
00:00:02.792016   IOAPIC <integer> = 0x0000000000000001 (1)
00:00:02.792016 
00:00:02.792016 [/Devices/pcibridge/] (level 2)
00:00:02.792017 
00:00:02.792017 [/Devices/pckbd/] (level 2)
00:00:02.792017 
00:00:02.792017 [/Devices/pckbd/0/] (level 3)
00:00:02.792018   Trusted <integer> = 0x0000000000000001 (1)
00:00:02.792018 
00:00:02.792018 [/Devices/pckbd/0/Config/] (level 4)
00:00:02.792019 
00:00:02.792019 [/Devices/pckbd/0/LUN#0/] (level 4)
00:00:02.792020   Driver <string>  = "KeyboardQueue" (cb=14)
00:00:02.792020 
00:00:02.792020 [/Devices/pckbd/0/LUN#0/AttachedDriver/] (level 5)
00:00:02.792021   Driver <string>  = "MainKeyboard" (cb=13)
00:00:02.792022 
00:00:02.792022 [/Devices/pckbd/0/LUN#0/AttachedDriver/Config/] (level 6)
00:00:02.792023   Object <integer> = 0x0000000001dca720 (31 237 920)
00:00:02.792023 
00:00:02.792023 [/Devices/pckbd/0/LUN#0/Config/] (level 5)
00:00:02.792024   QueueSize <integer> = 0x0000000000000040 (64)
00:00:02.792025 
00:00:02.792025 [/Devices/pckbd/0/LUN#1/] (level 4)
00:00:02.792025   Driver <string>  = "MouseQueue" (cb=11)
00:00:02.792026 
00:00:02.792026 [/Devices/pckbd/0/LUN#1/AttachedDriver/] (level 5)
00:00:02.792027   Driver <string>  = "MainMouse" (cb=10)
00:00:02.792027 
00:00:02.792027 [/Devices/pckbd/0/LUN#1/AttachedDriver/Config/] (level 6)
00:00:02.792028   Object <integer> = 0x0000000001e68860 (31 885 408)
00:00:02.792029 
00:00:02.792029 [/Devices/pckbd/0/LUN#1/Config/] (level 5)
00:00:02.792029   QueueSize <integer> = 0x0000000000000080 (128)
00:00:02.792030 
00:00:02.792030 [/Devices/pcnet/] (level 2)
00:00:02.792031 
00:00:02.792031 [/Devices/piix3ide/] (level 2)
00:00:02.792031 
00:00:02.792031 [/Devices/piix3ide/0/] (level 3)
00:00:02.792032   PCIBusNo      <integer> = 0x0000000000000000 (0)
00:00:02.792032   PCIDeviceNo   <integer> = 0x0000000000000001 (1)
00:00:02.792033   PCIFunctionNo <integer> = 0x0000000000000001 (1)
00:00:02.792033   Trusted       <integer> = 0x0000000000000001 (1)
00:00:02.792034 
00:00:02.792034 [/Devices/piix3ide/0/Config/] (level 4)
00:00:02.792035   Type <string>  = "PIIX4" (cb=6)
00:00:02.792035 
00:00:02.792035 [/Devices/piix3ide/0/LUN#0/] (level 4)
00:00:02.792036   Driver <string>  = "VD" (cb=3)
00:00:02.792036 
00:00:02.792036 [/Devices/piix3ide/0/LUN#0/Config/] (level 5)
00:00:02.792037   Format    <string>  = "VDI" (cb=4)
00:00:02.792037   Mountable <integer> = 0x0000000000000000 (0)
00:00:02.792038   Path      <string>  = "C:\Users\pi36qwj\Documents\GitHubDesktop\etml_P_Reseau-DEV\VMs\Turnkey MYSQL\Turnkey MYSQL.vdi" (cb=95)
00:00:02.792038   Type      <string>  = "HardDisk" (cb=9)
00:00:02.792039 
00:00:02.792039 [/Devices/piix3ide/0/LUN#0/Config/Plugins/] (level 6)
00:00:02.792040 
00:00:02.792040 [/Devices/piix3ide/0/LUN#0/Config/Plugins/VDPluginCrypt/] (level 7)
00:00:02.792041   Path <string>  = "C:\Program Files\Oracle\VirtualBox\ExtensionPacks\Oracle_VM_VirtualBox_Extension_Pack\win.amd64\VDPluginCrypt.DLL" (cb=114)
00:00:02.792041 
00:00:02.792042 [/Devices/piix3ide/0/LUN#0/Config/VDConfig/] (level 6)
00:00:02.792042   AllocationBlockSize <string>  = "1048576" (cb=8)
00:00:02.792043 
00:00:02.792043 [/Devices/piix3ide/0/LUN#2/] (level 4)
00:00:02.792044   Driver <string>  = "VD" (cb=3)
00:00:02.792044 
00:00:02.792044 [/Devices/piix3ide/0/LUN#2/Config/] (level 5)
00:00:02.792045   EmptyDrive <integer> = 0x0000000000000001 (1)
00:00:02.792045   Mountable  <integer> = 0x0000000000000001 (1)
00:00:02.792046   Type       <string>  = "DVD" (cb=4)
00:00:02.792046 
00:00:02.792046 [/Devices/piix3ide/0/LUN#999/] (level 4)
00:00:02.792047   Driver <string>  = "MainStatus" (cb=11)
00:00:02.792047 
00:00:02.792047 [/Devices/piix3ide/0/LUN#999/Config/] (level 5)
00:00:02.792048   DeviceInstance        <string>  = "piix3ide/0" (cb=11)
00:00:02.792049   First                 <integer> = 0x0000000000000000 (0)
00:00:02.792049   Last                  <integer> = 0x0000000000000003 (3)
00:00:02.792050   pConsole              <integer> = 0x0000000001f5a1f0 (32 874 992)
00:00:02.792050   papLeds               <integer> = 0x0000000001f5a9d0 (32 877 008)
00:00:02.792051   pmapMediumAttachments <integer> = 0x0000000001f5b608 (32 880 136)
00:00:02.792052 
00:00:02.792052 [/Devices/serial/] (level 2)
00:00:02.792052 
00:00:02.792052 [/Devices/usb-ehci/] (level 2)
00:00:02.792053 
00:00:02.792053 [/Devices/usb-ehci/0/] (level 3)
00:00:02.792054   PCIBusNo      <integer> = 0x0000000000000000 (0)
00:00:02.792054   PCIDeviceNo   <integer> = 0x000000000000000b (11)
00:00:02.792055   PCIFunctionNo <integer> = 0x0000000000000000 (0)
00:00:02.792055   Trusted       <integer> = 0x0000000000000001 (1)
00:00:02.792056 
00:00:02.792056 [/Devices/usb-ehci/0/Config/] (level 4)
00:00:02.792057 
00:00:02.792057 [/Devices/usb-ehci/0/LUN#0/] (level 4)
00:00:02.792057   Driver <string>  = "VUSBRootHub" (cb=12)
00:00:02.792058 
00:00:02.792058 [/Devices/usb-ehci/0/LUN#0/Config/] (level 5)
00:00:02.792059 
00:00:02.792059 [/Devices/usb-ehci/0/LUN#999/] (level 4)
00:00:02.792059   Driver <string>  = "MainStatus" (cb=11)
00:00:02.792060 
00:00:02.792060 [/Devices/usb-ehci/0/LUN#999/Config/] (level 5)
00:00:02.792060   First   <integer> = 0x0000000000000000 (0)
00:00:02.792061   Last    <integer> = 0x0000000000000000 (0)
00:00:02.792061   papLeds <integer> = 0x0000000001f5b5f8 (32 880 120)
00:00:02.792062 
00:00:02.792062 [/Devices/usb-ohci/] (level 2)
00:00:02.792062 
00:00:02.792063 [/Devices/usb-ohci/0/] (level 3)
00:00:02.792063   PCIBusNo      <integer> = 0x0000000000000000 (0)
00:00:02.792064   PCIDeviceNo   <integer> = 0x0000000000000006 (6)
00:00:02.792064   PCIFunctionNo <integer> = 0x0000000000000000 (0)
00:00:02.792064   Trusted       <integer> = 0x0000000000000001 (1)
00:00:02.792065 
00:00:02.792065 [/Devices/usb-ohci/0/Config/] (level 4)
00:00:02.792066 
00:00:02.792066 [/Devices/usb-ohci/0/LUN#0/] (level 4)
00:00:02.792066   Driver <string>  = "VUSBRootHub" (cb=12)
00:00:02.792067 
00:00:02.792067 [/Devices/usb-ohci/0/LUN#0/Config/] (level 5)
00:00:02.792068 
00:00:02.792068 [/Devices/usb-ohci/0/LUN#999/] (level 4)
00:00:02.792068   Driver <string>  = "MainStatus" (cb=11)
00:00:02.792069 
00:00:02.792069 [/Devices/usb-ohci/0/LUN#999/Config/] (level 5)
00:00:02.792070   First   <integer> = 0x0000000000000000 (0)
00:00:02.792070   Last    <integer> = 0x0000000000000000 (0)
00:00:02.792071   papLeds <integer> = 0x0000000001f5b5f0 (32 880 112)
00:00:02.792071 
00:00:02.792071 [/Devices/vga/] (level 2)
00:00:02.792072 
00:00:02.792072 [/Devices/vga/0/] (level 3)
00:00:02.792073   PCIBusNo      <integer> = 0x0000000000000000 (0)
00:00:02.792073   PCIDeviceNo   <integer> = 0x0000000000000002 (2)
00:00:02.792073   PCIFunctionNo <integer> = 0x0000000000000000 (0)
00:00:02.792074   Trusted       <integer> = 0x0000000000000001 (1)
00:00:02.792074 
00:00:02.792074 [/Devices/vga/0/Config/] (level 4)
00:00:02.792075   3DEnabled          <integer> = 0x0000000000000000 (0)
00:00:02.792076   CustomVideoModes   <integer> = 0x0000000000000000 (0)
00:00:02.792076   FadeIn             <integer> = 0x0000000000000001 (1)
00:00:02.792077   FadeOut            <integer> = 0x0000000000000001 (1)
00:00:02.792077   HeightReduction    <integer> = 0x0000000000000000 (0)
00:00:02.792077   LogoFile           <string>  = "" (cb=1)
00:00:02.792078   LogoTime           <integer> = 0x0000000000000000 (0)
00:00:02.792078   MonitorCount       <integer> = 0x0000000000000001 (1)
00:00:02.792079   ShowBootMenu       <integer> = 0x0000000000000002 (2)
00:00:02.792079   VMSVGA3dEnabled    <integer> = 0x0000000000000000 (0)
00:00:02.792080   VMSVGAEnabled      <integer> = 0x0000000000000001 (1)
00:00:02.792080   VMSVGAPciBarLayout <integer> = 0x0000000000000001 (1)
00:00:02.792080   VMSVGAPciId        <integer> = 0x0000000000000001 (1)
00:00:02.792081   VRamSize           <integer> = 0x0000000001000000 (16 777 216, 16 MB)
00:00:02.792082 
00:00:02.792082 [/Devices/vga/0/LUN#0/] (level 4)
00:00:02.792082   Driver <string>  = "MainDisplay" (cb=12)
00:00:02.792083 
00:00:02.792083 [/Devices/vga/0/LUN#0/Config/] (level 5)
00:00:02.792084   Object <integer> = 0x0000000001f974a0 (33 125 536)
00:00:02.792084 
00:00:02.792084 [/Devices/vga/0/LUN#999/] (level 4)
00:00:02.792085   Driver <string>  = "MainStatus" (cb=11)
00:00:02.792085 
00:00:02.792085 [/Devices/vga/0/LUN#999/Config/] (level 5)
00:00:02.792086   First   <integer> = 0x0000000000000000 (0)
00:00:02.792086   Last    <integer> = 0x0000000000000000 (0)
00:00:02.792087   papLeds <integer> = 0x0000000001f5b600 (32 880 128)
00:00:02.792087 
00:00:02.792088 [/Devices/virtio-net/] (level 2)
00:00:02.792088 
00:00:02.792088 [/EM/] (level 1)
00:00:02.792089   TripleFaultReset <integer> = 0x0000000000000000 (0)
00:00:02.792089 
00:00:02.792089 [/GIM/] (level 1)
00:00:02.792090   Provider <string>  = "KVM" (cb=4)
00:00:02.792090 
00:00:02.792090 [/HM/] (level 1)
00:00:02.792091   64bitEnabled            <integer> = 0x0000000000000001 (1)
00:00:02.792091   EnableLargePages        <integer> = 0x0000000000000001 (1)
00:00:02.792092   EnableNestedPaging      <integer> = 0x0000000000000001 (1)
00:00:02.792092   EnableUX                <integer> = 0x0000000000000001 (1)
00:00:02.792093   EnableVPID              <integer> = 0x0000000000000001 (1)
00:00:02.792093   Exclusive               <integer> = 0x0000000000000000 (0)
00:00:02.792094   HMForced                <integer> = 0x0000000000000001 (1)
00:00:02.792094   IBPBOnVMEntry           <integer> = 0x0000000000000000 (0)
00:00:02.792095   IBPBOnVMExit            <integer> = 0x0000000000000000 (0)
00:00:02.792095   L1DFlushOnSched         <integer> = 0x0000000000000001 (1)
00:00:02.792095   L1DFlushOnVMEntry       <integer> = 0x0000000000000000 (0)
00:00:02.792096   LovelyMesaDrvWorkaround <integer> = 0x0000000000000001 (1)
00:00:02.792096   MDSClearOnSched         <integer> = 0x0000000000000001 (1)
00:00:02.792097   MDSClearOnVMEntry       <integer> = 0x0000000000000000 (0)
00:00:02.792097   SpecCtrlByHost          <integer> = 0x0000000000000000 (0)
00:00:02.792098   UseNEMInstead           <integer> = 0x0000000000000000 (0)
00:00:02.792098 
00:00:02.792098 [/MM/] (level 1)
00:00:02.792099   CanUseLargerHeap <integer> = 0x0000000000000000 (0)
00:00:02.792099 
00:00:02.792099 [/NEM/] (level 1)
00:00:02.792100   Allow64BitGuests        <integer> = 0x0000000000000001 (1)
00:00:02.792100   LovelyMesaDrvWorkaround <integer> = 0x0000000000000001 (1)
00:00:02.792101 
00:00:02.792101 [/PDM/] (level 1)
00:00:02.792101 
00:00:02.792101 [/PDM/AsyncCompletion/] (level 2)
00:00:02.792102 
00:00:02.792102 [/PDM/AsyncCompletion/File/] (level 3)
00:00:02.792103 
00:00:02.792103 [/PDM/AsyncCompletion/File/BwGroups/] (level 4)
00:00:02.792103 
00:00:02.792103 [/PDM/BlkCache/] (level 2)
00:00:02.792104   CacheSize <integer> = 0x0000000000500000 (5 242 880, 5 MB)
00:00:02.792105 
00:00:02.792105 [/PDM/Devices/] (level 2)
00:00:02.792105 
00:00:02.792106 [/PDM/Devices/VBoxEhci/] (level 3)
00:00:02.792106   Path         <string>  = "C:\Program Files\Oracle\VirtualBox\ExtensionPacks\Oracle_VM_VirtualBox_Extension_Pack\win.amd64\VBoxEhciR3.DLL" (cb=111)
00:00:02.792107   R0SearchPath <string>  = "C:\Program Files\Oracle\VirtualBox\ExtensionPacks\Oracle_VM_VirtualBox_Extension_Pack\win.amd64" (cb=96)
00:00:02.792107 
00:00:02.792107 [/PDM/Devices/VBoxNvme/] (level 3)
00:00:02.792108   Path         <string>  = "C:\Program Files\Oracle\VirtualBox\ExtensionPacks\Oracle_VM_VirtualBox_Extension_Pack\win.amd64\VBoxNvmeR3.DLL" (cb=111)
00:00:02.792108   R0SearchPath <string>  = "C:\Program Files\Oracle\VirtualBox\ExtensionPacks\Oracle_VM_VirtualBox_Extension_Pack\win.amd64" (cb=96)
00:00:02.792109 
00:00:02.792109 [/PDM/Drivers/] (level 2)
00:00:02.792110 
00:00:02.792110 [/PDM/Drivers/DrvHostWebcam/] (level 3)
00:00:02.792110   Path <string>  = "C:\Program Files\Oracle\VirtualBox\ExtensionPacks\Oracle_VM_VirtualBox_Extension_Pack\win.amd64\VBoxHostWebcam.DLL" (cb=115)
00:00:02.792111 
00:00:02.792111 [/PDM/Drivers/VBoxC/] (level 3)
00:00:02.792111   Path <string>  = "VBoxC" (cb=6)
00:00:02.792112 
00:00:02.792112 [/PDM/NetworkShaper/] (level 2)
00:00:02.792112 
00:00:02.792113 [/PDM/NetworkShaper/BwGroups/] (level 3)
00:00:02.792113 
00:00:02.792113 [/PDM/USB/] (level 2)
00:00:02.792114 
00:00:02.792114 [/PDM/USB/VBoxUsbCardReader/] (level 3)
00:00:02.792114   Path <string>  = "C:\Program Files\Oracle\VirtualBox\ExtensionPacks\Oracle_VM_VirtualBox_Extension_Pack\win.amd64\VBoxUsbCardReaderR3.DLL" (cb=120)
00:00:02.792115 
00:00:02.792115 [/PDM/USB/VBoxUsbWebcam/] (level 3)
00:00:02.792116   Path <string>  = "C:\Program Files\Oracle\VirtualBox\ExtensionPacks\Oracle_VM_VirtualBox_Extension_Pack\win.amd64\VBoxUsbWebcamR3.DLL" (cb=116)
00:00:02.792116 
00:00:02.792116 [/TM/] (level 1)
00:00:02.792117   UTCOffset <integer> = 0x0000000000000000 (0)
00:00:02.792117 
00:00:02.792117 [/USB/] (level 1)
00:00:02.792118 
00:00:02.792118 [/USB/HidMouse/] (level 2)
00:00:02.792118 
00:00:02.792118 [/USB/HidMouse/0/] (level 3)
00:00:02.792119 
00:00:02.792119 [/USB/HidMouse/0/Config/] (level 4)
00:00:02.792120   Mode <string>  = "absolute" (cb=9)
00:00:02.792120 
00:00:02.792120 [/USB/HidMouse/0/LUN#0/] (level 4)
00:00:02.792121   Driver <string>  = "MouseQueue" (cb=11)
00:00:02.792121 
00:00:02.792121 [/USB/HidMouse/0/LUN#0/AttachedDriver/] (level 5)
00:00:02.792122   Driver <string>  = "MainMouse" (cb=10)
00:00:02.792122 
00:00:02.792122 [/USB/HidMouse/0/LUN#0/AttachedDriver/Config/] (level 6)
00:00:02.792123   Object <integer> = 0x0000000001e68860 (31 885 408)
00:00:02.792124 
00:00:02.792124 [/USB/HidMouse/0/LUN#0/Config/] (level 5)
00:00:02.792124   QueueSize <integer> = 0x0000000000000080 (128)
00:00:02.792125 
00:00:02.792125 [/USB/USBProxy/] (level 2)
00:00:02.792126 
00:00:02.792126 [/USB/USBProxy/GlobalConfig/] (level 3)
00:00:02.792127 
00:00:02.792127 ********************* End of CFGM dump **********************
00:00:02.792174 HM: HMR3Init: VT-x w/ nested paging and unrestricted guest execution hw support
00:00:02.792229 MM: cbHyperHeap=0x200000 (2097152)
00:00:02.794693 CPUM: fXStateHostMask=0x7; initial: 0x7; host XCR0=0x1f
00:00:02.795330 CPUM: Matched host CPU INTEL 0x6/0x9e/0xa Intel_Core7_CoffeeLake with CPU DB entry 'Intel Core i7-6700K' (INTEL 0x6/0x5e/0x3 Intel_Core7_Skylake)
00:00:02.795394 CPUM: MXCSR_MASK=0xffff (host: 0xffff)
00:00:02.795405 CPUM: Microcode revision 0x000000DE
00:00:02.795414 CPUM: Changing leaf 13[0]: EBX=0x440 -> 0x340, ECX=0x440 -> 0x340
00:00:02.795422 CPUM: MSR/CPUID reconciliation insert: 0x0000010b IA32_FLUSH_CMD
00:00:02.795438 CPUM: SetGuestCpuIdFeature: Enabled PAE
00:00:02.795539 PGM: Host paging mode: AMD64+NX
00:00:02.795546 PGM: PGMPool: cMaxPages=768 (u64MaxPages=545)
00:00:02.795549 PGM: pgmR3PoolInit: cMaxPages=0x300 cMaxUsers=0x600 cMaxPhysExts=0x600 fCacheEnable=true 
00:00:02.802230 TM: GIP - u32Mode=3 (Invariant) u32UpdateHz=93 u32UpdateIntervalNS=10736000 enmUseTscDelta=2 (Practically Zero) fGetGipCpu=0x1b cCpus=12
00:00:02.802242 TM: GIP - u64CpuHz=3 191 999 094 (0xbe420a76)  SUPGetCpuHzFromGip => 3 191 999 094
00:00:02.802246 TM: GIP - CPU: iCpuSet=0x0 idCpu=0x0 idApic=0x0 iGipCpu=0x6 i64TSCDelta=0 enmState=3 u64CpuHz=3191999000(*) cErrors=0
00:00:02.802251 TM: GIP - CPU: iCpuSet=0x1 idCpu=0x1 idApic=0x1 iGipCpu=0x1 i64TSCDelta=0 enmState=3 u64CpuHz=3191979166(*) cErrors=0
00:00:02.802254 TM: GIP - CPU: iCpuSet=0x2 idCpu=0x2 idApic=0x2 iGipCpu=0x0 i64TSCDelta=0 enmState=3 u64CpuHz=3191999094(*) cErrors=0
00:00:02.802257 TM: GIP - CPU: iCpuSet=0x3 idCpu=0x3 idApic=0x3 iGipCpu=0xb i64TSCDelta=0 enmState=3 u64CpuHz=3191999058(*) cErrors=0
00:00:02.802260 TM: GIP - CPU: iCpuSet=0x4 idCpu=0x4 idApic=0x4 iGipCpu=0x5 i64TSCDelta=0 enmState=3 u64CpuHz=3191999052(*) cErrors=0
00:00:02.802263 TM: GIP - CPU: iCpuSet=0x5 idCpu=0x5 idApic=0x5 iGipCpu=0x9 i64TSCDelta=0 enmState=3 u64CpuHz=3191999043(*) cErrors=0
00:00:02.802266 TM: GIP - CPU: iCpuSet=0x6 idCpu=0x6 idApic=0x6 iGipCpu=0x8 i64TSCDelta=0 enmState=3 u64CpuHz=3191999100(*) cErrors=0
00:00:02.802269 TM: GIP - CPU: iCpuSet=0x7 idCpu=0x7 idApic=0x7 iGipCpu=0x4 i64TSCDelta=0 enmState=3 u64CpuHz=3191998843(*) cErrors=0
00:00:02.802272 TM: GIP - CPU: iCpuSet=0x8 idCpu=0x8 idApic=0x8 iGipCpu=0x2 i64TSCDelta=0 enmState=3 u64CpuHz=3191995128(*) cErrors=0
00:00:02.802275 TM: GIP - CPU: iCpuSet=0x9 idCpu=0x9 idApic=0x9 iGipCpu=0x7 i64TSCDelta=0 enmState=3 u64CpuHz=3191999054(*) cErrors=0
00:00:02.802279 TM: GIP - CPU: iCpuSet=0xa idCpu=0xa idApic=0xa iGipCpu=0x3 i64TSCDelta=0 enmState=3 u64CpuHz=3191998827(*) cErrors=0
00:00:02.802282 TM: GIP - CPU: iCpuSet=0xb idCpu=0xb idApic=0xb iGipCpu=0xa i64TSCDelta=0 enmState=3 u64CpuHz=3191999103(*) cErrors=0
00:00:02.802314 TM: cTSCTicksPerSecond=3 191 999 094 (0xbe420a76) enmTSCMode=3 (Dynamic)
00:00:02.802317 TM: TSCTiedToExecution=false TSCNotTiedToHalt=false
00:00:02.802846 EMR3Init: fIemExecutesAll=false fGuruOnTripleFault=true 
00:00:02.803030 IEM: TargetCpu=CURRENT, Microarch=Intel_Core7_CoffeeLake
00:00:02.803107 GIM: Using provider 'KVM' (Implementation version: 0)
00:00:02.803113 CPUM: SetGuestCpuIdFeature: Enabled Hypervisor Present bit
00:00:02.803189 AIOMgr: Default manager type is 'Async'
00:00:02.803193 AIOMgr: Default file backend is 'NonBuffered'
00:00:02.803370 BlkCache: Cache successfully initialized. Cache size is 5242880 bytes
00:00:02.803377 BlkCache: Cache commit interval is 10000 ms
00:00:02.803380 BlkCache: Cache commit threshold is 2621440 bytes
00:00:03.342557 PcBios: [SMP] BIOS with 1 CPUs
00:00:03.342577 PcBios: Using the 386+ BIOS image.
00:00:03.342647 PcBios: MPS table at 000e1300
00:00:03.344805 PcBios: Using LAN ROM 'C:\Program Files\Oracle\VirtualBox\ExtensionPacks\Oracle_VM_VirtualBox_Extension_Pack\PXE-Intel.rom' with a size of 0xc000 bytes
00:00:03.344879 PcBios: fCheckShutdownStatusForSoftReset=true   fClearShutdownStatusOnHardReset=true 
00:00:03.363418 SUP: seg #0: R   0x00000000 LB 0x00001000
00:00:03.363428 SUP: seg #1: R X 0x00001000 LB 0x0001e000
00:00:03.363431 SUP: seg #2: R   0x0001f000 LB 0x0000c000
00:00:03.363435 SUP: seg #3: RW  0x0002b000 LB 0x00001000
00:00:03.363437 SUP: seg #4: R   0x0002c000 LB 0x00002000
00:00:03.363440 SUP: seg #5: RW  0x0002e000 LB 0x00001000
00:00:03.363443 SUP: seg #6: R   0x0002f000 LB 0x00001000
00:00:03.363445 SUP: seg #7: RWX 0x00030000 LB 0x00001000
00:00:03.363448 SUP: seg #8: R   0x00031000 LB 0x00002000
00:00:03.363491 SUP: Loaded VBoxDDR0.r0 (C:\Program Files\Oracle\VirtualBox\VBoxDDR0.r0) at 0xXXXXXXXXXXXXXXXX - ModuleInit at XXXXXXXXXXXXXXXX and ModuleTerm at XXXXXXXXXXXXXXXX using the native ring-0 loader
00:00:03.363496 SUP: windbg> .reload /f C:\Program Files\Oracle\VirtualBox\VBoxDDR0.r0=0xXXXXXXXXXXXXXXXX
00:00:03.363709 CPUM: SetGuestCpuIdFeature: Enabled xAPIC
00:00:03.363715 CPUM: SetGuestCpuIdFeature: Enabled x2APIC
00:00:03.363891 IOAPIC: Using implementation 2.0! Chipset type ICH9
00:00:03.363940 PIT: mode=3 count=0x10000 (65536) - 18.20 Hz (ch=0)
00:00:03.364121 VMMDev: cbDefaultBudget: 533 533 376 (1fcd12c0)
00:00:03.377780 Shared Folders service loaded
00:00:03.386319 Guest Control service loaded
00:00:03.413417 VGA: Using the 386+ BIOS image.
00:00:03.417306 VD: VDInit finished with VINF_SUCCESS
00:00:03.434740 DrvVD: Flushes will be ignored
00:00:03.434746 DrvVD: Async flushes will be passed to the disk
00:00:03.436284 VD: Opening the disk took 1527569 ns
00:00:03.436335 PIIX3 ATA: LUN#0: disk, PCHS=16383/16/63, total number of sectors 2097152000
00:00:03.436380 PIIX3 ATA: LUN#1: no unit
00:00:03.436447 DrvVD: Flushes will be ignored
00:00:03.436452 DrvVD: Async flushes will be passed to the disk
00:00:03.436479 PIIX3 ATA: LUN#2: CD/DVD, total number of sectors 0, passthrough disabled
00:00:03.436484 PIIX3 ATA: LUN#3: no unit
00:00:03.436553 PIIX3 ATA: Ctl#1: finished processing RESET
00:00:03.436568 PIIX3 ATA: Ctl#0: finished processing RESET
00:00:03.436628 E1000#0: Chip=82540EM LinkUpDelay=3000ms EthernetCRC=on GSO=enabled Itr=disabled ItrRx=enabled TID=disabled R0=enabled RC=disabled
00:00:03.436760 IntNet#0: szNetwork={intnet} enmTrunkType=2 szTrunk={} fFlags=0x8000 cbRecv=325632 cbSend=196608 fIgnoreConnectFailure=false
00:00:03.437182 AC97: Using codec 'STAC9700'
00:00:03.462921 WasAPI: Failed to get audio input device '{Default}': ERROR_NOT_FOUND 0x80070490
00:00:03.465049 Audio: Found 2 devices for driver 'WasAPI'
00:00:03.465057 Audio: Device 'Speakers/Headphones (Realtek(R) Audio)':
00:00:03.465058 Audio:   ID              = {0.0.0.00000000}.{2ef3b318-7a77-45c6-a01f-d58e3b00a3dc}
00:00:03.465058 Audio:   Usage           = output
00:00:03.465058 Audio:   Flags           = DEFAULT_OUT
00:00:03.465059 Audio:   Input channels  = 0
00:00:03.465059 Audio:   Output channels = 2
00:00:03.465065 Audio: Device 'Speakers/Headphones (Realtek(R) Audio)':
00:00:03.465065 Audio:   ID              = {0.0.0.00000000}.{2ef3b318-7a77-45c6-a01f-d58e3b00a3dc}
00:00:03.465065 Audio:   Usage           = output
00:00:03.465065 Audio:   Flags           = NONE
00:00:03.465066 Audio:   Input channels  = 0
00:00:03.465066 Audio:   Output channels = 2
00:00:03.465220 AC97: Reset
00:00:03.465226 AC97: Mixer reset (EAID=0x809, EACS=0x9)
00:00:03.465231 AC97: Record select to left=mic, right=mic
00:00:03.480597 SUP: seg #0: R   0x00000000 LB 0x00001000
00:00:03.480606 SUP: seg #1: R X 0x00001000 LB 0x00002000
00:00:03.480609 SUP: seg #2: R   0x00003000 LB 0x00001000
00:00:03.480612 SUP: seg #3: RW  0x00004000 LB 0x00001000
00:00:03.480615 SUP: seg #4: R   0x00005000 LB 0x00002000
00:00:03.480617 SUP: seg #5: RWX 0x00007000 LB 0x00001000
00:00:03.480620 SUP: seg #6: R   0x00008000 LB 0x00002000
00:00:03.480638 SUP: Loaded VBoxEhciR0.r0 (C:\Program Files\Oracle\VirtualBox\ExtensionPacks\Oracle_VM_VirtualBox_Extension_Pack\win.amd64\VBoxEhciR0.r0) at 0xXXXXXXXXXXXXXXXX - ModuleInit at XXXXXXXXXXXXXXXX and ModuleTerm at XXXXXXXXXXXXXXXX using the native ring-0 loader
00:00:03.480643 SUP: windbg> .reload /f C:\Program Files\Oracle\VirtualBox\ExtensionPacks\Oracle_VM_VirtualBox_Extension_Pack\win.amd64\VBoxEhciR0.r0=0xXXXXXXXXXXXXXXXX
00:00:03.481269 VUSB: Attached 'HidMouse' to port 1 on RootHub#1 (FullSpeed)
00:00:03.481289 PGM: The CPU physical address width is 39 bits
00:00:03.481296 PGM: PGMR3InitFinalize: 4 MB PSE mask 0000007fffffffff -> VINF_SUCCESS
00:00:03.481416 TM: TMR3InitFinalize: fTSCModeSwitchAllowed=true 
00:00:03.481560 VMM: Thread-context hooks unavailable
00:00:03.481564 VMM: RTThreadPreemptIsPending() can be trusted
00:00:03.481566 VMM: Kernel preemption is possible
00:00:03.483731 HM: fWorldSwitcher=0x0 (fIbpbOnVmExit=false fIbpbOnVmEntry=false fL1dFlushOnVmEntry=false); fL1dFlushOnSched=true  fMdsClearOnVmEntry=false
00:00:03.483737 HM: Using VT-x implementation 3.0
00:00:03.483739 HM: Max resume loops                  = 8192
00:00:03.483740 HM: Host CR4                          = 0x370678
00:00:03.483741 HM: Host EFER                         = 0xd01
00:00:03.483741 HM: MSR_IA32_SMM_MONITOR_CTL          = 0x0
00:00:03.483741 HM: MSR_IA32_FEATURE_CONTROL          = 0x20005
00:00:03.483742 HM:   LOCK
00:00:03.483742 HM:   VMXON
00:00:03.483742 HM:   SGX_LAUNCH_EN
00:00:03.483743 HM: MSR_IA32_VMX_BASIC                = 0xda040000000004
00:00:03.483743 HM:   VMCS id                           = 0x4
00:00:03.483744 HM:   VMCS size                         = 1024 bytes
00:00:03.483744 HM:   VMCS physical address limit       = None
00:00:03.483744 HM:   VMCS memory type                  = Write Back (WB)
00:00:03.483745 HM:   Dual-monitor treatment support    = true 
00:00:03.483745 HM:   OUTS & INS instruction-info       = true 
00:00:03.483745 HM:   Supports true-capability MSRs     = true 
00:00:03.483746 HM:   VM-entry Xcpt error-code optional = false
00:00:03.483746 HM: MSR_IA32_VMX_PINBASED_CTLS        = 0x7f00000016
00:00:03.483746 HM:   EXT_INT_EXIT
00:00:03.483747 HM:   NMI_EXIT
00:00:03.483747 HM:   VIRTUAL_NMI
00:00:03.483747 HM:   PREEMPT_TIMER
00:00:03.483747 HM:   POSTED_INT (must be cleared)
00:00:03.483749 HM: MSR_IA32_VMX_PROCBASED_CTLS       = 0xfff9fffe0401e172
00:00:03.483749 HM:   INT_WINDOW_EXIT
00:00:03.483750 HM:   USE_TSC_OFFSETTING
00:00:03.483750 HM:   HLT_EXIT
00:00:03.483750 HM:   INVLPG_EXIT
00:00:03.483750 HM:   MWAIT_EXIT
00:00:03.483751 HM:   RDPMC_EXIT
00:00:03.483751 HM:   RDTSC_EXIT
00:00:03.483751 HM:   CR3_LOAD_EXIT (must be set)
00:00:03.483751 HM:   CR3_STORE_EXIT (must be set)
00:00:03.483753 HM:   CR8_LOAD_EXIT
00:00:03.483753 HM:   CR8_STORE_EXIT
00:00:03.483753 HM:   USE_TPR_SHADOW
00:00:03.483754 HM:   NMI_WINDOW_EXIT
00:00:03.483754 HM:   MOV_DR_EXIT
00:00:03.483754 HM:   UNCOND_IO_EXIT
00:00:03.483754 HM:   USE_IO_BITMAPS
00:00:03.483755 HM:   MONITOR_TRAP_FLAG
00:00:03.483755 HM:   USE_MSR_BITMAPS
00:00:03.483755 HM:   MONITOR_EXIT
00:00:03.483755 HM:   PAUSE_EXIT
00:00:03.483755 HM:   USE_SECONDARY_CTLS
00:00:03.483756 HM: MSR_IA32_VMX_PROCBASED_CTLS2      = 0x5ffcff00000000
00:00:03.483756 HM:   VIRT_APIC_ACCESS
00:00:03.483756 HM:   EPT
00:00:03.483757 HM:   DESC_TABLE_EXIT
00:00:03.483757 HM:   RDTSCP
00:00:03.483757 HM:   VIRT_X2APIC_MODE
00:00:03.483757 HM:   VPID
00:00:03.483758 HM:   WBINVD_EXIT
00:00:03.483758 HM:   UNRESTRICTED_GUEST
00:00:03.483758 HM:   APIC_REG_VIRT (must be cleared)
00:00:03.483758 HM:   VIRT_INT_DELIVERY (must be cleared)
00:00:03.483759 HM:   PAUSE_LOOP_EXIT
00:00:03.483759 HM:   RDRAND_EXIT
00:00:03.483759 HM:   INVPCID
00:00:03.483759 HM:   VMFUNC
00:00:03.483760 HM:   VMCS_SHADOWING
00:00:03.483760 HM:   ENCLS_EXIT
00:00:03.483760 HM:   RDSEED_EXIT
00:00:03.483760 HM:   PML
00:00:03.483760 HM:   EPT_VE
00:00:03.483761 HM:   CONCEAL_VMX_FROM_PT
00:00:03.483761 HM:   XSAVES_XRSTORS
00:00:03.483761 HM:   MODE_BASED_EPT_PERM
00:00:03.483761 HM:   SPPTP_EPT (must be cleared)
00:00:03.483761 HM:   PT_EPT (must be cleared)
00:00:03.483762 HM:   TSC_SCALING (must be cleared)
00:00:03.483762 HM:   USER_WAIT_PAUSE (must be cleared)
00:00:03.483762 HM:   ENCLV_EXIT (must be cleared)
00:00:03.483764 HM: MSR_IA32_VMX_ENTRY_CTLS           = 0x3ffff000011ff
00:00:03.483764 HM:   LOAD_DEBUG (must be set)
00:00:03.483765 HM:   IA32E_MODE_GUEST
00:00:03.483765 HM:   ENTRY_TO_SMM
00:00:03.483765 HM:   DEACTIVATE_DUAL_MON
00:00:03.483765 HM:   LOAD_PERF_MSR
00:00:03.483766 HM:   LOAD_PAT_MSR
00:00:03.483766 HM:   LOAD_EFER_MSR
00:00:03.483767 HM:   LOAD_BNDCFGS_MSR
00:00:03.483768 HM:   CONCEAL_VMX_FROM_PT
00:00:03.483768 HM:   LOAD_RTIT_CTL_MSR (must be cleared)
00:00:03.483768 HM: MSR_IA32_VMX_EXIT_CTLS            = 0x1ffffff00036dff
00:00:03.483769 HM:   SAVE_DEBUG (must be set)
00:00:03.483769 HM:   HOST_ADDR_SPACE_SIZE
00:00:03.483769 HM:   LOAD_PERF_MSR
00:00:03.483769 HM:   ACK_EXT_INT
00:00:03.483769 HM:   SAVE_PAT_MSR
00:00:03.483770 HM:   LOAD_PAT_MSR
00:00:03.483770 HM:   SAVE_EFER_MSR
00:00:03.483770 HM:   LOAD_EFER_MSR
00:00:03.483770 HM:   SAVE_PREEMPT_TIMER
00:00:03.483770 HM:   CLEAR_BNDCFGS_MSR
00:00:03.483771 HM:   CONCEAL_VMX_FROM_PT
00:00:03.483771 HM:   CLEAR_RTIT_CTL_MSR (must be cleared)
00:00:03.483771 HM: MSR_IA32_VMX_TRUE_PINBASED_CTLS   = 0x7f00000016
00:00:03.483772 HM: MSR_IA32_VMX_TRUE_PROCBASED_CTLS  = 0xfff9fffe04006172
00:00:03.483772 HM: MSR_IA32_VMX_TRUE_ENTRY_CTLS      = 0x3ffff000011fb
00:00:03.483773 HM: MSR_IA32_VMX_TRUE_EXIT_CTLS       = 0x1ffffff00036dfb
00:00:03.483773 HM: MSR_IA32_VMX_MISC                 = 0x7004c1e7
00:00:03.483774 HM:   PREEMPT_TIMER_TSC                 = 0x7
00:00:03.483774 HM:   EXIT_SAVE_EFER_LMA                = true 
00:00:03.483774 HM:   ACTIVITY_STATES                   = 0x7 ( HLT SHUTDOWN SIPI_WAIT )
00:00:03.483775 HM:   INTEL_PT                          = true 
00:00:03.483775 HM:   SMM_READ_SMBASE_MSR               = true 
00:00:03.483775 HM:   CR3_TARGET                        = 0x4
00:00:03.483776 HM:   MAX_MSR                           = 0x0 ( 512 )
00:00:03.483776 HM:   VMXOFF_BLOCK_SMI                  = true 
00:00:03.483776 HM:   VMWRITE_ALL                       = true 
00:00:03.483777 HM:   ENTRY_INJECT_SOFT_INT             = 0x1
00:00:03.483777 HM:   MSEG_ID                           = 0x0
00:00:03.483777 HM: MSR_IA32_VMX_VMCS_ENUM            = 0x2e
00:00:03.483778 HM:   HIGHEST_IDX                       = 0x17
00:00:03.483778 HM: MSR_IA32_VMX_EPT_VPID_CAP         = 0xf0106734141
00:00:03.483778 HM:   RWX_X_ONLY
00:00:03.483779 HM:   PAGE_WALK_LENGTH_4
00:00:03.483779 HM:   EMT_UC
00:00:03.483779 HM:   EMT_WB
00:00:03.483779 HM:   PDE_2M
00:00:03.483779 HM:   PDPTE_1G
00:00:03.483780 HM:   INVEPT
00:00:03.483780 HM:   EPT_ACCESS_DIRTY
00:00:03.483780 HM:   ADVEXITINFO_EPT
00:00:03.483780 HM:   INVEPT_SINGLE_CONTEXT
00:00:03.483780 HM:   INVEPT_ALL_CONTEXTS
00:00:03.483781 HM:   INVVPID
00:00:03.483781 HM:   INVVPID_INDIV_ADDR
00:00:03.483781 HM:   INVVPID_SINGLE_CONTEXT
00:00:03.483781 HM:   INVVPID_ALL_CONTEXTS
00:00:03.483782 HM:   INVVPID_SINGLE_CONTEXT_RETAIN_GLOBALS
00:00:03.483782 HM: MSR_IA32_VMX_VMFUNC               = 0x1
00:00:03.483782 HM:   EPTP_SWITCHING
00:00:03.483782 HM: MSR_IA32_VMX_CR0_FIXED0           = 0x80000021
00:00:03.483783 HM: MSR_IA32_VMX_CR0_FIXED1           = 0xffffffff
00:00:03.483783 HM: MSR_IA32_VMX_CR4_FIXED0           = 0x2000
00:00:03.483784 HM: MSR_IA32_VMX_CR4_FIXED1           = 0x3767ff
00:00:03.483784 HM: APIC-access page physaddr         = 0x00000003c51d8000
00:00:03.483785 HM: VCPU  0: MSR bitmap physaddr      = 0x0000000238fdc000
00:00:03.483785 HM: VCPU  0: VMCS physaddr            = 0x00000004409d9000
00:00:03.483786 HM: Guest support: 32-bit and 64-bit
00:00:03.483790 HM: Supports VMCS EFER fields         = true 
00:00:03.483790 HM: Enabled VMX
00:00:03.483792 CPUM: SetGuestCpuIdFeature: Enabled SYSENTER/EXIT
00:00:03.483793 CPUM: SetGuestCpuIdFeature: Enabled PAE
00:00:03.483793 CPUM: SetGuestCpuIdFeature: Enabled LONG MODE
00:00:03.483793 CPUM: SetGuestCpuIdFeature: Enabled SYSCALL/RET
00:00:03.483794 CPUM: SetGuestCpuIdFeature: Enabled LAHF/SAHF
00:00:03.483794 CPUM: SetGuestCpuIdFeature: Enabled NX
00:00:03.483794 HM: Enabled nested paging
00:00:03.483794 HM:   EPT flush type                  = Single context
00:00:03.483795 HM: Enabled unrestricted guest execution
00:00:03.483795 HM: Enabled large page support
00:00:03.483795 HM: Enabled VPID
00:00:03.483796 HM:   VPID flush type                 = Single context
00:00:03.483796 HM: Enabled VMX-preemption timer (cPreemptTimerShift=7)
00:00:03.483796 HM: VT-x/AMD-V init method: Local
00:00:03.483797 EM: Exit history optimizations: enabled=true  enabled-r0=true  enabled-r0-no-preemption=false
00:00:03.483820 PcBios: ATA LUN#0 LCHS=1024/255/63
00:00:03.483829 APIC: fPostedIntrsEnabled=false fVirtApicRegsEnabled=false fSupportsTscDeadline=false
00:00:03.483833 TMR3UtcNow: nsNow=1 639 055 932 401 355 600 nsPrev=0 -> cNsDelta=1 639 055 932 401 355 600 (offLag=0 offVirtualSync=0 offVirtualSyncGivenUp=0, NowAgain=1 639 055 932 401 355 600)
00:00:03.483839 VMM: fUsePeriodicPreemptionTimers=false
00:00:03.483844 CPUM: Logical host processors: 12 present, 12 max, 12 online, online mask: 0000000000000fff
00:00:03.483845 CPUM: Physical host cores: 6
00:00:03.483846 ************************* CPUID dump ************************
00:00:03.483850          Raw Standard CPUID Leaves
00:00:03.483850      Leaf/sub-leaf  eax      ebx      ecx      edx
00:00:03.483852 Gst: 00000000/0000  00000016 756e6547 6c65746e 49656e69
00:00:03.483853 Hst:                00000016 756e6547 6c65746e 49656e69
00:00:03.483853 Gst: 00000001/0000  000906ea 00010800 d6fa220b 178bfbff
00:00:03.483854 Hst:                000906ea 01100800 7ffafbff bfebfbff
00:00:03.483855 Gst: 00000002/0000  76036301 00f0b5ff 00000000 00c30000
00:00:03.483856 Hst:                76036301 00f0b5ff 00000000 00c30000
00:00:03.483856 Gst: 00000003/0000  00000000 00000000 00000000 00000000
00:00:03.483857 Hst:                00000000 00000000 00000000 00000000
00:00:03.483857 Gst: 00000004/0000  00000121 01c0003f 0000003f 00000000
00:00:03.483858 Hst:                1c004121 01c0003f 0000003f 00000000
00:00:03.483859 Gst: 00000004/0001  00000122 01c0003f 0000003f 00000000
00:00:03.483859 Hst:                1c004122 01c0003f 0000003f 00000000
00:00:03.483860 Gst: 00000004/0002  00000143 00c0003f 000003ff 00000000
00:00:03.483860 Hst:                1c004143 00c0003f 000003ff 00000000
00:00:03.483861 Gst: 00000004/0003  00000163 03c0003f 00002fff 00000006
00:00:03.483862 Hst:                1c03c163 03c0003f 00002fff 00000006
00:00:03.483862 Gst: 00000004/0004  00000000 00000000 00000000 00000000
00:00:03.483863 Hst:                00000000 00000000 00000000 00000000
00:00:03.483863 Gst: 00000005/0000  00000040 00000040 00000000 00000000
00:00:03.483864 Hst:                00000040 00000040 00000003 11142120
00:00:03.483864 Gst: 00000006/0000  00000000 00000000 00000000 00000000
00:00:03.483865 Hst:                000027f7 00000002 00000009 00000000
00:00:03.483865 Gst: 00000007/0000  00000000 00842421 00000000 10000400
00:00:03.483866 Hst:                00000000 029c6fbf 40000000 9c002600
00:00:03.483867 Gst: 00000007/0001  00000000 00000000 00000000 00000000
00:00:03.483867 Hst:                00000000 00000000 00000000 00000000
00:00:03.483868 Gst: 00000008/0000  00000000 00000000 00000000 00000000
00:00:03.483868 Hst:                00000000 00000000 00000000 00000000
00:00:03.483868 Gst: 00000009/0000  00000000 00000000 00000000 00000000
00:00:03.483869 Hst:                00000000 00000000 00000000 00000000
00:00:03.483869 Gst: 0000000a/0000  00000000 00000000 00000000 00000000
00:00:03.483870 Hst:                07300404 00000000 00000000 00000603
00:00:03.483870 Gst: 0000000b/0000  00000000 00000001 00000100 00000000
00:00:03.483871 Hst:                00000001 00000002 00000100 00000001
00:00:03.483871 Gst: 0000000b/0001  00000001 00000001 00000201 00000000
00:00:03.483872 Hst:                00000004 0000000c 00000201 00000001
00:00:03.483872 Gst: 0000000b/0002  00000000 00000000 00000002 00000000
00:00:03.483873 Hst:                00000000 00000000 00000002 00000001
00:00:03.483873 Gst: 0000000c/0000  00000000 00000000 00000000 00000000
00:00:03.483874 Hst:                00000000 00000000 00000000 00000000
00:00:03.483874 Gst: 0000000d/0000  00000007 00000340 00000340 00000000
00:00:03.483874 Hst:                0000001f 00000440 00000440 00000000
00:00:03.483875 Gst: 0000000d/0001  00000000 00000440 00000000 00000000
00:00:03.483875 Hst:                0000000f 00000440 00000100 00000000
00:00:03.483876 Gst: 0000000d/0002  00000100 00000240 00000000 00000000
00:00:03.483876 Hst:                00000100 00000240 00000000 00000000
00:00:03.483877 Gst: 0000000d/0003  00000000 00000000 00000000 00000000
00:00:03.483877 Hst:                00000040 000003c0 00000000 00000000
00:00:03.483878 Gst: 0000000d/0004  00000000 00000000 00000000 00000000
00:00:03.483878 Hst:                00000040 00000400 00000000 00000000
00:00:03.483879 Gst: 0000000d/0005  00000000 00000000 00000000 00000000
00:00:03.483879 Hst:                00000000 00000000 00000000 00000000
00:00:03.483880 Gst: 0000000d/0006  00000000 00000000 00000000 00000000
00:00:03.483880 Hst:                00000000 00000000 00000000 00000000
00:00:03.483880 Gst: 0000000d/0007  00000000 00000000 00000000 00000000
00:00:03.483881 Hst:                00000000 00000000 00000000 00000000
00:00:03.483881 Gst: 0000000d/0008  00000000 00000000 00000000 00000000
00:00:03.483882 Hst:                00000080 00000000 00000001 00000000
00:00:03.483882 Gst: 0000000d/0009  00000000 00000000 00000000 00000000
00:00:03.483883 Hst:                00000000 00000000 00000000 00000000
00:00:03.483896 Gst: 0000000e/0000  00000000 00000000 00000000 00000000
00:00:03.483897 Hst:                00000000 00000000 00000000 00000000
00:00:03.483897 Gst: 0000000f/0000  00000000 00000000 00000000 00000000
00:00:03.483897 Hst:                00000000 00000000 00000000 00000000
00:00:03.483898 Gst: 00000010/0000  00000000 00000000 00000000 00000000
00:00:03.483898 Hst:                00000000 00000000 00000000 00000000
00:00:03.483899 Gst: 00000011/0000  00000000 00000000 00000000 00000000
00:00:03.483899 Hst:                00000000 00000000 00000000 00000000
00:00:03.483900 Gst: 00000012/0000  00000000 00000000 00000000 00000000
00:00:03.483900 Hst:                00000000 00000000 00000000 00000000
00:00:03.483901 Gst: 00000013/0000  00000000 00000000 00000000 00000000
00:00:03.483901 Hst:                00000000 00000000 00000000 00000000
00:00:03.483901 Gst: 00000014/0000  00000000 00000000 00000000 00000000
00:00:03.483902 Hst:                00000001 0000000f 00000007 00000000
00:00:03.483902 Hst: 00000015/0000  00000002 0000010a 00000000 00000000
00:00:03.483903 Hst: 00000016/0000  00000c80 000011f8 00000064 00000000
00:00:03.483904                                Name: GenuineIntel
00:00:03.483904                            Supports: 0x00000000-0x00000016
00:00:03.483907                              Family:  6 	Extended: 0 	Effective: 6
00:00:03.483907                               Model: 14 	Extended: 9 	Effective: 158
00:00:03.483908                            Stepping: 10
00:00:03.483909                                Type: 0 (primary)
00:00:03.483909                             APIC ID: 0x00
00:00:03.483910                        Logical CPUs: 1
00:00:03.483910                        CLFLUSH Size: 8
00:00:03.483911                            Brand ID: 0x00
00:00:03.483911 Features
00:00:03.483912   Mnemonic - Description                                  = guest (host)
00:00:03.483913   FPU - x87 FPU on Chip                                   = 1 (1)
00:00:03.483915   VME - Virtual 8086 Mode Enhancements                    = 1 (1)
00:00:03.483915   DE - Debugging extensions                               = 1 (1)
00:00:03.483916   PSE - Page Size Extension                               = 1 (1)
00:00:03.483916   TSC - Time Stamp Counter                                = 1 (1)
00:00:03.483917   MSR - Model Specific Registers                          = 1 (1)
00:00:03.483918   PAE - Physical Address Extension                        = 1 (1)
00:00:03.483918   MCE - Machine Check Exception                           = 1 (1)
00:00:03.483919   CX8 - CMPXCHG8B instruction                             = 1 (1)
00:00:03.483919   APIC - APIC On-Chip                                     = 1 (1)
00:00:03.483920   SEP - SYSENTER and SYSEXIT Present                      = 1 (1)
00:00:03.483921   MTRR - Memory Type Range Registers                      = 1 (1)
00:00:03.483921   PGE - PTE Global Bit                                    = 1 (1)
00:00:03.483922   MCA - Machine Check Architecture                        = 1 (1)
00:00:03.483922   CMOV - Conditional Move instructions                    = 1 (1)
00:00:03.483923   PAT - Page Attribute Table                              = 1 (1)
00:00:03.483923   PSE-36 - 36-bit Page Size Extension                     = 1 (1)
00:00:03.483924   PSN - Processor Serial Number                           = 0 (0)
00:00:03.483925   CLFSH - CLFLUSH instruction                             = 1 (1)
00:00:03.483925   DS - Debug Store                                        = 0 (1)
00:00:03.483926   ACPI - Thermal Mon. & Soft. Clock Ctrl.                 = 0 (1)
00:00:03.483926   MMX - Intel MMX Technology                              = 1 (1)
00:00:03.483927   FXSR - FXSAVE and FXRSTOR instructions                  = 1 (1)
00:00:03.483927   SSE - SSE support                                       = 1 (1)
00:00:03.483928   SSE2 - SSE2 support                                     = 1 (1)
00:00:03.483929   SS - Self Snoop                                         = 0 (1)
00:00:03.483929   HTT - Hyper-Threading Technology                        = 1 (1)
00:00:03.483930   TM - Therm. Monitor                                     = 0 (1)
00:00:03.483931   PBE - Pending Break Enabled                             = 0 (1)
00:00:03.483931   SSE3 - SSE3 support                                     = 1 (1)
00:00:03.483932   PCLMUL - PCLMULQDQ support (for AES-GCM)                = 1 (1)
00:00:03.483932   DTES64 - DS Area 64-bit Layout                          = 0 (1)
00:00:03.483933   MONITOR - MONITOR/MWAIT instructions                    = 1 (1)
00:00:03.483933   CPL-DS - CPL Qualified Debug Store                      = 0 (1)
00:00:03.483934   VMX - Virtual Machine Extensions                        = 0 (1)
00:00:03.483935   SMX - Safer Mode Extensions                             = 0 (1)
00:00:03.483935   EST - Enhanced SpeedStep Technology                     = 0 (1)
00:00:03.483936   TM2 - Terminal Monitor 2                                = 0 (1)
00:00:03.483936   SSSE3 - Supplemental Streaming SIMD Extensions 3        = 1 (1)
00:00:03.483937   CNTX-ID - L1 Context ID                                 = 0 (0)
00:00:03.483937   SDBG - Silicon Debug interface                          = 0 (1)
00:00:03.483938   FMA - Fused Multiply Add extensions                     = 0 (1)
00:00:03.483939   CX16 - CMPXCHG16B instruction                           = 1 (1)
00:00:03.483939   TPRUPDATE - xTPR Update Control                         = 0 (1)
00:00:03.483940   PDCM - Perf/Debug Capability MSR                        = 0 (1)
00:00:03.483940   PCID - Process Context Identifiers                      = 1 (1)
00:00:03.483941   DCA - Direct Cache Access                               = 0 (0)
00:00:03.483941   SSE4_1 - SSE4_1 support                                 = 1 (1)
00:00:03.483942   SSE4_2 - SSE4_2 support                                 = 1 (1)
00:00:03.483943   X2APIC - x2APIC support                                 = 1 (1)
00:00:03.483943   MOVBE - MOVBE instruction                               = 1 (1)
00:00:03.483944   POPCNT - POPCNT instruction                             = 1 (1)
00:00:03.483944   TSCDEADL - Time Stamp Counter Deadline                  = 0 (1)
00:00:03.483945   AES - AES instructions                                  = 1 (1)
00:00:03.483946   XSAVE - XSAVE instruction                               = 1 (1)
00:00:03.483946   OSXSAVE - OSXSAVE instruction                           = 0 (1)
00:00:03.483947   AVX - AVX support                                       = 1 (1)
00:00:03.483947   F16C - 16-bit floating point conversion instructions    = 0 (1)
00:00:03.483948   RDRAND - RDRAND instruction                             = 1 (1)
00:00:03.483948   HVP - Hypervisor Present (we're a guest)                = 1 (0)
00:00:03.483949 Structured Extended Feature Flags Enumeration (leaf 7):
00:00:03.483949   Mnemonic - Description                                  = guest (host)
00:00:03.483950   FSGSBASE - RDFSBASE/RDGSBASE/WRFSBASE/WRGSBASE instr.   = 1 (1)
00:00:03.483950   TSCADJUST - Supports MSR_IA32_TSC_ADJUST                = 0 (1)
00:00:03.483951   SGX - Supports Software Guard Extensions                = 0 (1)
00:00:03.483951   BMI1 - Advanced Bit Manipulation extension 1            = 0 (1)
00:00:03.483952   HLE - Hardware Lock Elision                             = 0 (1)
00:00:03.483952   AVX2 - Advanced Vector Extensions 2                     = 1 (1)
00:00:03.483953   FDP_EXCPTN_ONLY - FPU DP only updated on exceptions     = 0 (0)
00:00:03.483953   SMEP - Supervisor Mode Execution Prevention             = 0 (1)
00:00:03.483954   BMI2 - Advanced Bit Manipulation extension 2            = 0 (1)
00:00:03.483954   ERMS - Enhanced REP MOVSB/STOSB instructions            = 0 (1)
00:00:03.483955   INVPCID - INVPCID instruction                           = 1 (1)
00:00:03.483955   RTM - Restricted Transactional Memory                   = 0 (1)
00:00:03.483956   PQM - Platform Quality of Service Monitoring            = 0 (0)
00:00:03.483956   DEPFPU_CS_DS - Deprecates FPU CS, FPU DS values if set  = 1 (1)
00:00:03.483957   MPE - Intel Memory Protection Extensions                = 0 (1)
00:00:03.483957   PQE - Platform Quality of Service Enforcement           = 0 (0)
00:00:03.483958   AVX512F - AVX512 Foundation instructions                = 0 (0)
00:00:03.483958   RDSEED - RDSEED instruction                             = 1 (1)
00:00:03.483959   ADX - ADCX/ADOX instructions                            = 0 (1)
00:00:03.483959   SMAP - Supervisor Mode Access Prevention                = 0 (1)
00:00:03.483960   CLFLUSHOPT - CLFLUSHOPT (Cache Line Flush) instruction  = 1 (1)
00:00:03.483960   INTEL_PT - Intel Processor Trace                        = 0 (1)
00:00:03.483961   AVX512PF - AVX512 Prefetch instructions                 = 0 (0)
00:00:03.483962   AVX512ER - AVX512 Exponential & Reciprocal instructions = 0 (0)
00:00:03.483962   AVX512CD - AVX512 Conflict Detection instructions       = 0 (0)
00:00:03.483963   SHA - Secure Hash Algorithm extensions                  = 0 (0)
00:00:03.483963   PREFETCHWT1 - PREFETCHWT1 instruction                   = 0 (0)
00:00:03.483964   UMIP - User mode insturction prevention                 = 0 (0)
00:00:03.483964   PKU - Protection Key for Usermode pages                 = 0 (0)
00:00:03.483965   OSPKE - CR4.PKU mirror                                  = 0 (0)
00:00:03.483965   MAWAU - Value used by BNDLDX & BNDSTX                   = 0x0 (0x0)
00:00:03.483966   RDPID - Read processor ID support                       = 0 (0)
00:00:03.483967   SGX_LC - Supports SGX Launch Configuration              = 0 (1)
00:00:03.483967    9 - Reserved                                           = 0 (1)
00:00:03.483968   MD_CLEAR - Supports MDS related buffer clearing         = 1 (1)
00:00:03.483968   13 - Reserved                                           = 0 (1)
00:00:03.483970   IBRS_IBPB - IA32_SPEC_CTRL.IBRS and IA32_PRED_CMD.IBPB  = 0 (1)
00:00:03.483971   STIBP - Supports IA32_SPEC_CTRL.STIBP                   = 0 (1)
00:00:03.483971   FLUSH_CMD - Supports IA32_FLUSH_CMD                     = 1 (1)
00:00:03.483972   ARCHCAP - Supports IA32_ARCH_CAP                        = 0 (0)
00:00:03.483972   CORECAP - Supports IA32_CORE_CAP                        = 0 (0)
00:00:03.483973   SSBD - Supports IA32_SPEC_CTRL.SSBD                     = 0 (1)
00:00:03.483974 Processor Extended State Enumeration (leaf 0xd):
00:00:03.483974    XSAVE area cur/max size by XCR0, guest: 0x340/0x340
00:00:03.483975     XSAVE area cur/max size by XCR0, host: 0x440/0x440
00:00:03.483975                    Valid XCR0 bits, guest: 0x00000000`00000007 ( x87 SSE YMM_Hi128 )
00:00:03.483977                     Valid XCR0 bits, host: 0x00000000`0000001f ( x87 SSE YMM_Hi128 BNDREGS BNDCSR )
00:00:03.483978                     XSAVE features, guest:
00:00:03.483978                      XSAVE features, host: XSAVEOPT XSAVEC XGETBC1 XSAVES
00:00:03.483981       XSAVE area cur size XCR0|XSS, guest: 0x440
00:00:03.483981        XSAVE area cur size XCR0|XSS, host: 0x440
00:00:03.483982                Valid IA32_XSS bits, guest: 0x00000000`00000000
00:00:03.483982                 Valid IA32_XSS bits, host: 0x00000100`00000000 ( 40 )
00:00:03.483983   State #2, guest: off=0x0240, cb=0x0100 IA32_XSS-bit -- YMM_Hi128
00:00:03.483984   State #2, host:  off=0x0240, cb=0x0100 IA32_XSS-bit -- YMM_Hi128
00:00:03.483985   State #3, host:  off=0x03c0, cb=0x0040 IA32_XSS-bit -- BNDREGS
00:00:03.483986   State #4, host:  off=0x0400, cb=0x0040 IA32_XSS-bit -- BNDCSR
00:00:03.483987   State #8, host:  off=0x0000, cb=0x0080 XCR0-bit -- 8
00:00:03.483994          Unknown CPUID Leaves
00:00:03.483994      Leaf/sub-leaf  eax      ebx      ecx      edx
00:00:03.483994 Gst: 00000014/0001  00000000 00000000 00000000 00000000
00:00:03.483995 Hst:                02490002 003f3fff 00000000 00000000
00:00:03.483996 Gst: 00000014/0002  00000000 00000000 00000000 00000000
00:00:03.483996 Hst:                00000000 00000000 00000000 00000000
00:00:03.483997 Gst: 00000015/0000  00000000 00000000 00000000 00000000
00:00:03.483997 Hst:                00000002 0000010a 00000000 00000000
00:00:03.483998 Gst: 00000016/0000  00000000 00000000 00000000 00000000
00:00:03.483998 Hst:                00000c80 000011f8 00000064 00000000
00:00:03.483999          Raw Hypervisor CPUID Leaves
00:00:03.483999      Leaf/sub-leaf  eax      ebx      ecx      edx
00:00:03.484000 Gst: 40000000/0000  40000001 4b4d564b 564b4d56 0000004d
00:00:03.484001 Hst:                00000c80 000011f8 00000064 00000000
00:00:03.484002 Gst: 40000001/0000  01000089 00000000 00000000 00000000
00:00:03.484002 Hst:                00000c80 000011f8 00000064 00000000
00:00:03.484003          Raw Extended CPUID Leaves
00:00:03.484003      Leaf/sub-leaf  eax      ebx      ecx      edx
00:00:03.484003 Gst: 80000000/0000  80000008 00000000 00000000 00000000
00:00:03.484004 Hst:                80000008 00000000 00000000 00000000
00:00:03.484004 Gst: 80000001/0000  00000000 00000000 00000121 28100800
00:00:03.484005 Hst:                00000000 00000000 00000121 2c100800
00:00:03.484006 Gst: 80000002/0000  65746e49 2952286c 726f4320 4d542865
00:00:03.484007 Hst:                65746e49 2952286c 726f4320 4d542865
00:00:03.484008 Gst: 80000003/0000  37692029 3037382d 50432030 20402055
00:00:03.484008 Hst:                37692029 3037382d 50432030 20402055
00:00:03.484010 Gst: 80000004/0000  30322e33 007a4847 00000000 00000000
00:00:03.484010 Hst:                30322e33 007a4847 00000000 00000000
00:00:03.484011 Gst: 80000005/0000  00000000 00000000 00000000 00000000
00:00:03.484011 Hst:                00000000 00000000 00000000 00000000
00:00:03.484012 Gst: 80000006/0000  00000000 00000000 01006040 00000000
00:00:03.484012 Hst:                00000000 00000000 01006040 00000000
00:00:03.484013 Gst: 80000007/0000  00000000 00000000 00000000 00000100
00:00:03.484013 Hst:                00000000 00000000 00000000 00000100
00:00:03.484014 Gst: 80000008/0000  00003027 00000000 00000000 00000000
00:00:03.484014 Hst:                00003027 00000000 00000000 00000000
00:00:03.484015 Ext Name:                        
00:00:03.484015 Ext Supports:                    0x80000000-0x80000008
00:00:03.484016 Family:                          0  	Extended: 0 	Effective: 0
00:00:03.484016 Model:                           0  	Extended: 0 	Effective: 0
00:00:03.484016 Stepping:                        0
00:00:03.484016 Brand ID:                        0x000
00:00:03.484017 Ext Features
00:00:03.484017   Mnemonic - Description                                  = guest (host)
00:00:03.484017   FPU - x87 FPU on Chip                                   = 0 (0)
00:00:03.484018   VME - Virtual 8086 Mode Enhancements                    = 0 (0)
00:00:03.484019   DE - Debugging extensions                               = 0 (0)
00:00:03.484019   PSE - Page Size Extension                               = 0 (0)
00:00:03.484020   TSC - Time Stamp Counter                                = 0 (0)
00:00:03.484021   MSR - K86 Model Specific Registers                      = 0 (0)
00:00:03.484021   PAE - Physical Address Extension                        = 0 (0)
00:00:03.484022   MCE - Machine Check Exception                           = 0 (0)
00:00:03.484022   CX8 - CMPXCHG8B instruction                             = 0 (0)
00:00:03.484023   APIC - APIC On-Chip                                     = 0 (0)
00:00:03.484023   SEP - SYSCALL/SYSRET                                    = 1 (1)
00:00:03.484024   MTRR - Memory Type Range Registers                      = 0 (0)
00:00:03.484025   PGE - PTE Global Bit                                    = 0 (0)
00:00:03.484025   MCA - Machine Check Architecture                        = 0 (0)
00:00:03.484026   CMOV - Conditional Move instructions                    = 0 (0)
00:00:03.484026   PAT - Page Attribute Table                              = 0 (0)
00:00:03.484027   PSE-36 - 36-bit Page Size Extension                     = 0 (0)
00:00:03.484027   NX - No-Execute/Execute-Disable                         = 1 (1)
00:00:03.484028   AXMMX - AMD Extensions to MMX instructions              = 0 (0)
00:00:03.484028   MMX - Intel MMX Technology                              = 0 (0)
00:00:03.484029   FXSR - FXSAVE and FXRSTOR Instructions                  = 0 (0)
00:00:03.484030   FFXSR - AMD fast FXSAVE and FXRSTOR instructions        = 0 (0)
00:00:03.484030   Page1GB - 1 GB large page                               = 0 (1)
00:00:03.484031   RDTSCP - RDTSCP instruction                             = 1 (1)
00:00:03.484031   LM - AMD64 Long Mode                                    = 1 (1)
00:00:03.484032   3DNOWEXT - AMD Extensions to 3DNow                      = 0 (0)
00:00:03.484032   3DNOW - AMD 3DNow                                       = 0 (0)
00:00:03.484033   LahfSahf - LAHF/SAHF support in 64-bit mode             = 1 (1)
00:00:03.484034   CmpLegacy - Core multi-processing legacy mode           = 0 (0)
00:00:03.484034   SVM - AMD Secure Virtual Machine extensions             = 0 (0)
00:00:03.484035   EXTAPIC - AMD Extended APIC registers                   = 0 (0)
00:00:03.484035   CR8L - AMD LOCK MOV CR0 means MOV CR8                   = 0 (0)
00:00:03.484036   ABM - AMD Advanced Bit Manipulation                     = 1 (1)
00:00:03.484036   SSE4A - SSE4A instructions                              = 0 (0)
00:00:03.484037   MISALIGNSSE - AMD Misaligned SSE mode                   = 0 (0)
00:00:03.484037   3DNOWPRF - AMD PREFETCH and PREFETCHW instructions      = 1 (1)
00:00:03.484038   OSVW - AMD OS Visible Workaround                        = 0 (0)
00:00:03.484038   IBS - Instruct Based Sampling                           = 0 (0)
00:00:03.484039   XOP - Extended Operation support                        = 0 (0)
00:00:03.484039   SKINIT - SKINIT, STGI, and DEV support                  = 0 (0)
00:00:03.484040   WDT - AMD Watchdog Timer support                        = 0 (0)
00:00:03.484040   LWP - Lightweight Profiling support                     = 0 (0)
00:00:03.484041   FMA4 - Four operand FMA instruction support             = 0 (0)
00:00:03.484041   NodeId - NodeId in MSR C001_100C                        = 0 (0)
00:00:03.484042   TBM - Trailing Bit Manipulation instructions            = 0 (0)
00:00:03.484042   TOPOEXT - Topology Extensions                           = 0 (0)
00:00:03.484043   PRFEXTCORE - Performance Counter Extensions support     = 0 (0)
00:00:03.484044   PRFEXTNB - NB Performance Counter Extensions support    = 0 (0)
00:00:03.484044   DATABPEXT - Data-access Breakpoint Extension            = 0 (0)
00:00:03.484045   PERFTSC - Performance Time Stamp Counter                = 0 (0)
00:00:03.484045   PCX_L2I - L2I/L3 Performance Counter Extensions         = 0 (0)
00:00:03.484045   MWAITX - MWAITX and MONITORX instructions               = 0 (0)
00:00:03.484046 Full Name:                       "Intel(R) Core(TM) i7-8700 CPU @ 3.20GHz"
00:00:03.484047 TLB 2/4M Instr/Uni:              res0     0 entries
00:00:03.484047 TLB 2/4M Data:                   res0     0 entries
00:00:03.484048 TLB 4K Instr/Uni:                res0     0 entries
00:00:03.484048 TLB 4K Data:                     res0     0 entries
00:00:03.484048 L1 Instr Cache Line Size:        0 bytes
00:00:03.484049 L1 Instr Cache Lines Per Tag:    0
00:00:03.484049 L1 Instr Cache Associativity:    res0  
00:00:03.484049 L1 Instr Cache Size:             0 KB
00:00:03.484050 L1 Data Cache Line Size:         0 bytes
00:00:03.484050 L1 Data Cache Lines Per Tag:     0
00:00:03.484050 L1 Data Cache Associativity:     res0  
00:00:03.484050 L1 Data Cache Size:              0 KB
00:00:03.484051 L2 TLB 2/4M Instr/Uni:           off       0 entries
00:00:03.484051 L2 TLB 2/4M Data:                off       0 entries
00:00:03.484051 L2 TLB 4K Instr/Uni:             off       0 entries
00:00:03.484052 L2 TLB 4K Data:                  off       0 entries
00:00:03.484052 L2 Cache Line Size:              0 bytes
00:00:03.484052 L2 Cache Lines Per Tag:          0
00:00:03.484053 L2 Cache Associativity:          off   
00:00:03.484053 L2 Cache Size:                   0 KB
00:00:03.484053   TS - Temperature Sensor                                 = 0 (0)
00:00:03.484054   FID - Frequency ID control                              = 0 (0)
00:00:03.484055   VID - Voltage ID control                                = 0 (0)
00:00:03.484055   TscInvariant - Invariant Time Stamp Counter             = 1 (1)
00:00:03.484056   CBP - Core Performance Boost                            = 0 (0)
00:00:03.484056   EffFreqRO - Read-only Effective Frequency Interface     = 0 (0)
00:00:03.484057   ProcFdbkIf - Processor Feedback Interface               = 0 (0)
00:00:03.484057   ProcPwrRep - Core power reporting interface support     = 0 (0)
00:00:03.484058 Physical Address Width:          39 bits
00:00:03.484059 Virtual Address Width:           48 bits
00:00:03.484059 Guest Physical Address Width:    0 bits
00:00:03.484059 Physical Core Count:             1
00:00:03.484060 
00:00:03.484060 ******************** End of CPUID dump **********************
00:00:03.484060 *********************** VT-x features ***********************
00:00:03.484061 Nested hardware virtualization - VMX features
00:00:03.484061   Mnemonic - Description                                  = guest (host)
00:00:03.484062   VMX - Virtual-Machine Extensions                        = 0 (1)
00:00:03.484062   InsOutInfo - INS/OUTS instruction info.                 = 0 (1)
00:00:03.484062   ExtIntExit - External interrupt exiting                 = 0 (1)
00:00:03.484063   NmiExit - NMI exiting                                   = 0 (1)
00:00:03.484063   VirtNmi - Virtual NMIs                                  = 0 (1)
00:00:03.484063   PreemptTimer - VMX preemption timer                     = 0 (1)
00:00:03.484064   PostedInt - Posted interrupts                           = 0 (0)
00:00:03.484064   IntWindowExit - Interrupt-window exiting                = 0 (1)
00:00:03.484064   TscOffsetting - TSC offsetting                          = 0 (1)
00:00:03.484065   HltExit - HLT exiting                                   = 0 (1)
00:00:03.484066   InvlpgExit - INVLPG exiting                             = 0 (1)
00:00:03.484067   MwaitExit - MWAIT exiting                               = 0 (1)
00:00:03.484067   RdpmcExit - RDPMC exiting                               = 0 (1)
00:00:03.484067   RdtscExit - RDTSC exiting                               = 0 (1)
00:00:03.484067   Cr3LoadExit - CR3-load exiting                          = 0 (1)
00:00:03.484068   Cr3StoreExit - CR3-store exiting                        = 0 (1)
00:00:03.484068   Cr8LoadExit  - CR8-load exiting                         = 0 (1)
00:00:03.484068   Cr8StoreExit - CR8-store exiting                        = 0 (1)
00:00:03.484069   UseTprShadow - Use TPR shadow                           = 0 (1)
00:00:03.484069   NmiWindowExit - NMI-window exiting                      = 0 (1)
00:00:03.484069   MovDRxExit - Mov-DR exiting                             = 0 (1)
00:00:03.484069   UncondIoExit - Unconditional I/O exiting                = 0 (1)
00:00:03.484070   UseIoBitmaps - Use I/O bitmaps                          = 0 (1)
00:00:03.484072   MonitorTrapFlag - Monitor Trap Flag                     = 0 (1)
00:00:03.484072   UseMsrBitmaps - MSR bitmaps                             = 0 (1)
00:00:03.484072   MonitorExit - MONITOR exiting                           = 0 (1)
00:00:03.484072   PauseExit - PAUSE exiting                               = 0 (1)
00:00:03.484073   SecondaryExecCtl - Activate secondary controls          = 0 (1)
00:00:03.484073   VirtApic - Virtualize-APIC accesses                     = 0 (1)
00:00:03.484073   Ept - Extended Page Tables                              = 0 (1)
00:00:03.484074   DescTableExit - Descriptor-table exiting                = 0 (1)
00:00:03.484074   Rdtscp - Enable RDTSCP                                  = 0 (1)
00:00:03.484074   VirtX2ApicMode - Virtualize-x2APIC mode                 = 0 (1)
00:00:03.484075   Vpid - Enable VPID                                      = 0 (1)
00:00:03.484075   WbinvdExit - WBINVD exiting                             = 0 (1)
00:00:03.484075   UnrestrictedGuest - Unrestricted guest                  = 0 (1)
00:00:03.484075   ApicRegVirt - APIC-register virtualization              = 0 (0)
00:00:03.484076   VirtIntDelivery - Virtual-interrupt delivery            = 0 (0)
00:00:03.484076   PauseLoopExit - PAUSE-loop exiting                      = 0 (1)
00:00:03.484076   RdrandExit - RDRAND exiting                             = 0 (1)
00:00:03.484077   Invpcid - Enable INVPCID                                = 0 (1)
00:00:03.484077   VmFuncs - Enable VM Functions                           = 0 (1)
00:00:03.484077   VmcsShadowing - VMCS shadowing                          = 0 (1)
00:00:03.484077   RdseedExiting - RDSEED exiting                          = 0 (1)
00:00:03.484078   PML - Page-Modification Log (PML)                       = 0 (1)
00:00:03.484078   EptVe - EPT violations can cause #VE                    = 0 (1)
00:00:03.484078   XsavesXRstors - Enable XSAVES/XRSTORS                   = 0 (1)
00:00:03.484079   EntryLoadDebugCtls - Load debug controls on VM-entry    = 0 (1)
00:00:03.484079   Ia32eModeGuest - IA-32e mode guest                      = 0 (1)
00:00:03.484079   EntryLoadEferMsr - Load IA32_EFER MSR on VM-entry       = 0 (1)
00:00:03.484079   EntryLoadPatMsr - Load IA32_PAT MSR on VM-entry         = 0 (1)
00:00:03.484080   ExitSaveDebugCtls - Save debug controls on VM-exit      = 0 (1)
00:00:03.484080   HostAddrSpaceSize - Host address-space size             = 0 (1)
00:00:03.484080   ExitAckExtInt - Acknowledge interrupt on VM-exit        = 0 (1)
00:00:03.484081   ExitSavePatMsr - Save IA32_PAT MSR on VM-exit           = 0 (1)
00:00:03.484081   ExitLoadPatMsr - Load IA32_PAT MSR on VM-exit           = 0 (1)
00:00:03.484081   ExitSaveEferMsr - Save IA32_EFER MSR on VM-exit         = 0 (1)
00:00:03.484082   ExitLoadEferMsr - Load IA32_EFER MSR on VM-exit         = 0 (1)
00:00:03.484082   SavePreemptTimer - Save VMX-preemption timer            = 0 (1)
00:00:03.484082   ExitSaveEferLma - Save IA32_EFER.LMA on VM-exit         = 0 (1)
00:00:03.484082   IntelPt - Intel PT (Processor Trace) in VMX operation   = 0 (1)
00:00:03.484083   VmwriteAll - VMWRITE to any supported VMCS field        = 0 (1)
00:00:03.484083   EntryInjectSoftInt - Inject softint. with 0-len instr.  = 0 (1)
00:00:03.484083 
00:00:03.484085 ******************* End of VT-x features ********************
00:00:03.484095 VMEmt: Halt method global1 (5)
00:00:03.484147 VMEmt: HaltedGlobal1 config: cNsSpinBlockThresholdCfg=50000
00:00:03.484152 Changing the VM state from 'CREATING' to 'CREATED'
00:00:03.485032 Changing the VM state from 'CREATED' to 'POWERING_ON'
00:00:03.485121 Changing the VM state from 'POWERING_ON' to 'RUNNING'
00:00:03.485140 Console: Machine state changed to 'Running'
00:00:03.488127 VMMDev: Guest Log: BIOS: VirtualBox 6.1.26
00:00:03.488181 PCI: Setting up resources and interrupts
00:00:03.488350 PIT: mode=2 count=0x10000 (65536) - 18.20 Hz (ch=0)
00:00:03.497652 Display::i_handleDisplayResize: uScreenId=0 pvVRAM=0000000000000000 w=720 h=400 bpp=0 cbLine=0x0 flags=0x0 origin=0,0
00:00:03.498214 VMMDev: Guest Log: CPUID EDX: 0x178bfbff
00:00:03.498271 PIIX3 ATA: Ctl#0: RESET, DevSel=0 AIOIf=0 CmdIf0=0x00 (-1 usec ago) CmdIf1=0x00 (-1 usec ago)
00:00:03.498317 PIIX3 ATA: Ctl#0: finished processing RESET
00:00:03.498688 VMMDev: Guest Log: BIOS: ata0-0: PCHS=16383/16/63 LCHS=1024/255/63
00:00:03.499057 PIIX3 ATA: Ctl#1: RESET, DevSel=0 AIOIf=0 CmdIf0=0x00 (-1 usec ago) CmdIf1=0x00 (-1 usec ago)
00:00:03.499100 PIIX3 ATA: Ctl#1: finished processing RESET
00:00:03.500198 PIT: mode=2 count=0x48d3 (18643) - 64.00 Hz (ch=0)
00:00:03.531810 Display::i_handleDisplayResize: uScreenId=0 pvVRAM=000000000b660000 w=640 h=480 bpp=32 cbLine=0xA00 flags=0x0 origin=0,0
00:00:03.985472 GUI: UIMachineViewNormal::resendSizeHint: Restoring guest size-hint for screen 0 to 800x600
00:00:03.988509 GUI: 2D video acceleration is disabled
00:00:03.988564 GUI: HID LEDs sync is enabled
00:00:03.992594 GUI: UIMachineLogicNormal::sltCheckForRequestedVisualStateType: Requested-state=0, Machine-state=5
00:00:05.981370 PIT: mode=2 count=0x10000 (65536) - 18.20 Hz (ch=0)
00:00:05.981802 VMMDev: Guest Log: BIOS: Boot : bseqnr=1, bootseq=0231
00:00:05.982160 VMMDev: Guest Log: BIOS: Boot from Floppy 0 failed
00:00:05.982524 VMMDev: Guest Log: BIOS: Boot : bseqnr=2, bootseq=0023
00:00:05.983393 VMMDev: Guest Log: BIOS: CDROM boot failure code : 0003
00:00:05.983717 VMMDev: Guest Log: BIOS: Boot from CD-ROM failed
00:00:05.984080 VMMDev: Guest Log: BIOS: Boot : bseqnr=3, bootseq=0002
00:00:05.984572 VMMDev: Guest Log: BIOS: Booting from Hard Disk...
00:00:05.984817 PIIX3 ATA: Ctl#0: RESET, DevSel=0 AIOIf=0 CmdIf0=0xc4 (-1 usec ago) CmdIf1=0x00 (-1 usec ago)
00:00:05.984889 PIIX3 ATA: Ctl#0: finished processing RESET
00:00:06.036308 Display::i_handleDisplayResize: uScreenId=0 pvVRAM=0000000000000000 w=720 h=400 bpp=0 cbLine=0x0 flags=0x0 origin=0,0
00:00:08.376537 GIM: KVM: VCPU  0: Enabled system-time struct. at 0x00000000075ec000 - u32TscScale=0xa066ab15 i8TscShift=-1 uVersion=2 fFlags=0x1 uTsc=0x3a28407ea uVirtNanoTS=0x12383d9b4 TscKHz=3191998
00:00:08.376559 TM: Switching TSC mode from 'Dynamic' to 'RealTscOffset'
00:00:08.677741 GIM: KVM: Enabled wall-clock struct. at 0x00000000075eb008 - u32Sec=1639055937 u32Nano=595086414 uVersion=2
00:00:08.702045 PIT: mode=2 count=0x12a5 (4773) - 249.98 Hz (ch=0)
00:00:08.702453 APIC0: Switched mode to x2APIC
00:00:08.822897 PIT: mode=0 count=0x10000 (65536) - 18.20 Hz (ch=0)
00:00:08.877275 OHCI: Software reset
00:00:09.478160 EHCI: Hardware reset
00:00:09.478468 EHCI: USB Operational
00:00:09.496139 OHCI: USB Reset
00:00:09.510324 PIIX3 ATA: Ctl#0: RESET, DevSel=0 AIOIf=0 CmdIf0=0xc4 (-1 usec ago) CmdIf1=0x00 (-1 usec ago)
00:00:09.510377 PIIX3 ATA: Ctl#0: finished processing RESET
00:00:09.514849 PIIX3 ATA: Ctl#1: RESET, DevSel=0 AIOIf=0 CmdIf0=0xa0 (-1 usec ago) CmdIf1=0x00 (-1 usec ago)
00:00:09.514896 PIIX3 ATA: Ctl#1: finished processing RESET
00:00:09.556108 OHCI: Software reset
00:00:09.556205 OHCI: USB Operational
00:00:09.598331 EHCI: USB Suspended
00:00:10.570969 VMMDev: Guest Log: vboxguest: host-version: 6.1.26r145957 0x8000000f
00:00:10.570992 VMMDev: Guest Additions information report: Version 5.2.0 r68940 '5.2.0'
00:00:10.571012 VMMDev: Guest Additions information report: Interface = 0x00010004 osType = 0x00053100 (Linux >= 2.6, 64-bit)
00:00:10.571112 VMMDev: Guest Additions capability report: (0x0 -> 0x0) seamless: no, hostWindowMapping: no, graphics: no
00:00:10.571174 VMMDev: vmmDevReqHandler_HeartbeatConfigure: No change (fHeartbeatActive=false)
00:00:10.571187 VMMDev: Heartbeat flatline timer set to trigger after 4 000 000 000 ns
00:00:10.571225 GUI: UISession::sltAdditionsChange: GA state change event came, notifying listeners
00:00:10.571233 GUI: UIMachineLogicNormal::sltCheckForRequestedVisualStateType: Requested-state=0, Machine-state=5
00:00:10.571240 GUI: UISession::sltAdditionsChange: GA state change event came, notifying listeners
00:00:10.571244 GUI: UIMachineLogicNormal::sltCheckForRequestedVisualStateType: Requested-state=0, Machine-state=5
00:00:10.571620 VMMDev: Guest Log: vbg_heartbeat_init: Setting up heartbeat to trigger every 2000 milliseconds
00:00:10.571764 GUI: UISession::sltAdditionsChange: GA state really changed, notifying listeners
00:00:10.571773 GUI: UIMachineViewNormal::adjustGuestScreenSize: Adjust guest-screen size if necessary
00:00:10.571794 GUI: UISession::sltAdditionsChange: GA state change event came, notifying listeners
00:00:10.571798 GUI: UIMachineLogicNormal::sltCheckForRequestedVisualStateType: Requested-state=0, Machine-state=5
00:00:10.609603 VMMDev: Guest Log: vboxguest: misc device minor 58, IRQ 20, I/O port d040, MMIO at 0x00000000f0400000 (size 0x0000000000400000)
00:00:10.829735 Enabling different vbva mode
00:00:10.833484 Display::i_handleDisplayResize: uScreenId=0 pvVRAM=000000000b660000 w=800 h=600 bpp=32 cbLine=0xC80 flags=0x1 origin=0,0
00:00:10.947557 AC97: Reset
00:00:10.947567 AC97: Mixer reset (EAID=0x809, EACS=0x9)
00:00:10.947571 AC97: Record select to left=mic, right=mic
00:00:10.947699 AC97: Reset
00:00:10.947703 AC97: Mixer reset (EAID=0x809, EACS=0x9)
00:00:10.947706 AC97: Record select to left=mic, right=mic
00:00:10.948845 AC97: Record select to left=mic, right=mic
00:00:10.949175 Audio: Warning: Scheduling hint of stream '[WasAPI] Output:0' is bigger (140711718551557ms) than used period size (0ms)
